#
# A fatal error has been detected by the Java Runtime Environment:
#
#  SIGSEGV (0xb) at pc=0x00007fff7ad02e9d, pid=1606, tid=775
#
# JRE version: OpenJDK Runtime Environment (11.0.3+12) (build 11.0.3+12-b304.56)
# Java VM: OpenJDK 64-Bit Server VM (11.0.3+12-b304.56, mixed mode, tiered, compressed oops, g1 gc, bsd-amd64)
# Problematic frame:
# C  [libobjc.A.dylib+0x6e9d]  objc_msgSend+0x1d
#
# No core dump will be written. Core dumps have been disabled. To enable core dumping, try "ulimit -c unlimited" before starting Java again
#
# If you would like to submit a bug report, please visit:
#   http://bugreport.java.com/bugreport/crash.jsp
# The crash happened outside the Java Virtual Machine in native code.
# See problematic frame for where to report the bug.
#

---------------  S U M M A R Y ------------

Command Line: -Djava.library.path=lib -javaagent:/Applications/IntelliJ IDEA CE.app/Contents/lib/idea_rt.jar=50505:/Applications/IntelliJ IDEA CE.app/Contents/bin -Dfile.encoding=UTF-8 fr.rphstudio.codingdojo.launcher.MainLauncher

Host: MacBookPro14,1 x86_64 2300 MHz, 4 cores, 8G, Darwin 17.5.0
Time: Wed Sep 18 16:29:53 2019 CEST elapsed time: 8 seconds (0d 0h 0m 8s)

---------------  T H R E A D  ---------------

Current thread (0x00007f969d8cd000):  JavaThread "AWT-AppKit" daemon [_thread_in_native, id=775, stack(0x00007ffeeea27000,0x00007ffeef227000)]

Stack: [0x00007ffeeea27000,0x00007ffeef227000],  sp=0x00007ffeef2231b8,  free space=8176k
Native frames: (J=compiled Java code, A=aot compiled Java code, j=interpreted, Vv=VM code, C=native code)
C  [libobjc.A.dylib+0x6e9d]  objc_msgSend+0x1d
C  [CoreFoundation+0xa38cc]  __CFRUNLOOP_IS_CALLING_OUT_TO_A_BLOCK__+0xc
C  [CoreFoundation+0x862a3]  __CFRunLoopDoBlocks+0x113
C  [CoreFoundation+0x86068]  __CFRunLoopRun+0xc38
C  [CoreFoundation+0x851a3]  CFRunLoopRunSpecific+0x1e3
C  [HIToolbox+0x2fd96]  RunCurrentEventLoopInMode+0x11e
C  [HIToolbox+0x2fb06]  ReceiveNextEventCommon+0x265
C  [HIToolbox+0x2f884]  _BlockUntilNextEventMatchingListInModeWithFilter+0x40
C  [AppKit+0x41a73]  _DPSNextEvent+0x825
C  [AppKit+0x7d7e34]  -[NSApplication(NSEvent) _nextEventMatchingEventMask:untilDate:inMode:dequeue:]+0xbe4
C  [libosxapp.dylib+0x29d7]  -[NSApplicationAWT nextEventMatchingMask:untilDate:inMode:dequeue:]+0x79
C  [AppKit+0x36885]  -[NSApplication run]+0x2fc
C  [libosxapp.dylib+0x281e]  +[NSApplicationAWT runAWTLoopWithApp:]+0xde
C  [libawt_lwawt.dylib+0x3a92c]  +[AWTStarter starter:headless:]+0x342
C  [JavaNativeFoundation+0x6f4a]  +[JNFRunLoop _performCopiedBlock:]+0x11
C  [Foundation+0x682b5]  __NSThreadPerformPerform+0x14e
C  [CoreFoundation+0xa3a61]  __CFRUNLOOP_IS_CALLING_OUT_TO_A_SOURCE0_PERFORM_FUNCTION__+0x11
C  [CoreFoundation+0x15d47c]  __CFRunLoopDoSource0+0x6c
C  [CoreFoundation+0x864c0]  __CFRunLoopDoSources0+0xd0
C  [CoreFoundation+0x8593d]  __CFRunLoopRun+0x50d
C  [CoreFoundation+0x851a3]  CFRunLoopRunSpecific+0x1e3
C  [java+0x639d]  CreateExecutionEnvironment+0x190
C  [java+0x251b]  JLI_Launch+0x51f
C  [java+0x14c5]  main+0x175
C  [libdyld.dylib+0x1015]  start+0x1


siginfo: si_signo: 11 (SIGSEGV), si_code: 1 (SEGV_MAPERR), si_addr: 0x0000000000000018

Register to memory mapping:

RAX=0x00007f969d6b97a0 points into unknown readable memory: 00 00 00 00 00 00 00 00
RBX=0x00007f969d6b1380 points into unknown readable memory: 60 61 f4 b3 ff 7f 00 00
RCX=0x00007f969e193070 points into unknown readable memory: a3 a3 a3 a3 a3 a3 a3 a3
RDX=0x00007f969d40ee80 points into unknown readable memory: e1 43 83 ad ff ff 1d 00
RSP=0x00007ffeef2231b8 is pointing into the stack for thread: 0x00007f969d8cd000
RBP=0x00007ffeef2231d0 is pointing into the stack for thread: 0x00007f969d8cd000
RSI=0x00007fff51852e91: .str.41.llvm.DC87FEEF+0x3a3d4 in /System/Library/Frameworks/AppKit.framework/Versions/C/AppKit at 0x00007fff50b82000
RDI=0x00007f969d7daf00 points into unknown readable memory: 00 00 00 00 00 00 00 10
R8 =0x0 is NULL
R9 =0x0 is NULL
R10=0x0 is NULL
R11=0x00007fff51852e91: .str.41.llvm.DC87FEEF+0x3a3d4 in /System/Library/Frameworks/AppKit.framework/Versions/C/AppKit at 0x00007fff50b82000
R12=0x00007f969d40ed20 points into unknown readable memory: e1 43 83 ad ff ff 1d 00
R13=0x00007f969d6b1380 points into unknown readable memory: 60 61 f4 b3 ff 7f 00 00
R14=0x00007f969e193068 points into unknown readable memory: 00 00 00 00 00 00 00 00
R15=0x0 is NULL


Registers:
RAX=0x00007f969d6b97a0, RBX=0x00007f969d6b1380, RCX=0x00007f969e193070, RDX=0x00007f969d40ee80
RSP=0x00007ffeef2231b8, RBP=0x00007ffeef2231d0, RSI=0x00007fff51852e91, RDI=0x00007f969d7daf00
R8 =0x0000000000000000, R9 =0x0000000000000000, R10=0x0000000000000000, R11=0x00007fff51852e91
R12=0x00007f969d40ed20, R13=0x00007f969d6b1380, R14=0x00007f969e193068, R15=0x0000000000000000
RIP=0x00007fff7ad02e9d, EFLAGS=0x0000000000010246, ERR=0x0000000000000004
  TRAPNO=0x000000000000000e

Top of Stack: (sp=0x00007ffeef2231b8)
0x00007ffeef2231b8:   00007fff514a3201 00007f969d40ee80
0x00007ffeef2231c8:   0000000000000000 00007ffeef2231e0
0x00007ffeef2231d8:   00007fff536468cc 00007ffeef223260
0x00007ffeef2231e8:   00007fff536292a3 0000000000000f03
0x00007ffeef2231f8:   00007fffad741178 00007f969d40ee90
0x00007ffeef223208:   00007f969d40ed30 00007f969d40ee20
0x00007ffeef223218:   00007f969d40ee80 00007f969d40ed20
0x00007ffeef223228:   0000000000000000 0000000000000000
0x00007ffeef223238:   00007f969d40ee80 00007f969d40ed28
0x00007ffeef223248:   0000000000000001 0000000000000f03
0x00007ffeef223258:   00007f969d40ed20 00007ffeef223f50
0x00007ffeef223268:   00007fff53629068 00007fff51852e91
0x00007ffeef223278:   0000000000000b03 0000000000000f03
0x00007ffeef223288:   00007f96a221ae20 00007fffad836af0
0x00007ffeef223298:   00007fff51855d1d 00007fff5185d709
0x00007ffeef2232a8:   00007fff51852e37 00007ffeef2232e0
0x00007ffeef2232b8:   ffffffffffffffff 0000000000000000
0x00007ffeef2232c8:   00007f96a221ae30 00000001ef2232f0
0x00007ffeef2232d8:   00007f969d40ee90 00007f969d40ed30
0x00007ffeef2232e8:   0000000000000000 00007ffeef223320
0x00007ffeef2232f8:   0000000100000b03 0000000000000001
0x00007ffeef223308:   00000f039d61a778 00007f969e193068
0x00007ffeef223318:   0100000100000f03 0000001800001100
0x00007ffeef223328:   00000f0300000000 0000004e00000000
0x00007ffeef223338:   0000004400000000 000001f60000000b
0x00007ffeef223348:   000001f600000014 00000014000001f6
0x00007ffeef223358:   00000014000001f6 000186a800000646
0x00007ffeef223368:   0000000000000647 0000000000000000
0x00007ffeef223378:   0000000100000000 00007ffeef223530
0x00007ffeef223388:   000000010d6da678 00007ffeef2233b0
0x00007ffeef223398:   0000000101abe74b 000000010de74501
0x00007ffeef2233a8:   00000000fa5cd6c8 00007ffeef2233f0 

Instructions: (pc=0x00007fff7ad02e9d)
0x00007fff7ad02e7d:   0f 1f 00 48 85 ff 2e 74 62 40 f6 c7 01 2e 75 66
0x00007fff7ad02e8d:   49 ba f8 ff ff ff ff 7f 00 00 4c 23 17 49 89 f3
0x00007fff7ad02e9d:   45 23 5a 18 49 c1 e3 04 4d 03 5a 10 49 3b 33 75
0x00007fff7ad02ead:   04 41 ff 63 08 49 83 3b 01 76 0d 49 83 c3 10 49 

Stack slot to memory mapping:
stack at sp + 0 slots: 0x00007fff514a3201: ___NSMainRunLoopPerformBlock_block_invoke+0x19 in /System/Library/Frameworks/AppKit.framework/Versions/C/AppKit at 0x00007fff50b82000
stack at sp + 1 slots: 0x00007f969d40ee80 points into unknown readable memory: e1 43 83 ad ff ff 1d 00
stack at sp + 2 slots: 0x0 is NULL
stack at sp + 3 slots: 0x00007ffeef2231e0 is pointing into the stack for thread: 0x00007f969d8cd000
stack at sp + 4 slots: 0x00007fff536468cc: __CFRUNLOOP_IS_CALLING_OUT_TO_A_BLOCK__+0xc in /System/Library/Frameworks/CoreFoundation.framework/Versions/A/CoreFoundation at 0x00007fff535a3000
stack at sp + 5 slots: 0x00007ffeef223260 is pointing into the stack for thread: 0x00007f969d8cd000
stack at sp + 6 slots: 0x00007fff536292a3: __CFRunLoopDoBlocks+0x113 in /System/Library/Frameworks/CoreFoundation.framework/Versions/A/CoreFoundation at 0x00007fff535a3000
stack at sp + 7 slots: 0x0000000000000f03 is an unknown value


---------------  P R O C E S S  ---------------

Threads class SMR info:
_java_thread_list=0x00007f969d6f5740, length=16, elements={
0x00007f969d803800, 0x00007f969e801800, 0x00007f969e807000, 0x00007f969e80a000,
0x00007f969f013000, 0x00007f969e808000, 0x00007f969e81f800, 0x00007f969d85e800,
0x00007f969f0ad800, 0x00007f969f0d4800, 0x00007f969d8cd000, 0x00007f969e94e800,
0x00007f969e1bb000, 0x00007f969f3c4000, 0x00007f969eaf9800, 0x00007f969f228800
}

Java Threads: ( => current thread )
  0x00007f969d803800 JavaThread "main" [_thread_in_native, id=9475, stack(0x0000000100a13000,0x0000000100b13000)]
  0x00007f969e801800 JavaThread "Reference Handler" daemon [_thread_blocked, id=13827, stack(0x00007000031b9000,0x00007000032b9000)]
  0x00007f969e807000 JavaThread "Finalizer" daemon [_thread_blocked, id=18691, stack(0x00007000032bc000,0x00007000033bc000)]
  0x00007f969e80a000 JavaThread "Signal Dispatcher" daemon [_thread_blocked, id=17927, stack(0x0000700003442000,0x0000700003542000)]
  0x00007f969f013000 JavaThread "C2 CompilerThread0" daemon [_thread_blocked, id=16387, stack(0x0000700003545000,0x0000700003645000)]
  0x00007f969e808000 JavaThread "C1 CompilerThread0" daemon [_thread_blocked, id=21763, stack(0x0000700003648000,0x0000700003748000)]
  0x00007f969e81f800 JavaThread "Sweeper thread" daemon [_thread_blocked, id=43011, stack(0x000070000374b000,0x000070000384b000)]
  0x00007f969d85e800 JavaThread "Common-Cleaner" daemon [_thread_blocked, id=42499, stack(0x000070000384e000,0x000070000394e000)]
  0x00007f969f0ad800 JavaThread "Monitor Ctrl-Break" daemon [_thread_in_native, id=41987, stack(0x0000700003951000,0x0000700003a51000)]
  0x00007f969f0d4800 JavaThread "Service Thread" daemon [_thread_blocked, id=23043, stack(0x0000700003a54000,0x0000700003b54000)]
=>0x00007f969d8cd000 JavaThread "AWT-AppKit" daemon [_thread_in_native, id=775, stack(0x00007ffeeea27000,0x00007ffeef227000)]
  0x00007f969e94e800 JavaThread "Java2D Disposer" daemon [_thread_blocked, id=53251, stack(0x0000700003fe9000,0x00007000040e9000)]
  0x00007f969e1bb000 JavaThread "Java2D Queue Flusher" daemon [_thread_blocked, id=76803, stack(0x00007000040ec000,0x00007000041ec000)]
  0x00007f969f3c4000 JavaThread "Attach Listener" daemon [_thread_blocked, id=58375, stack(0x00007000041ef000,0x00007000042ef000)]
  0x00007f969eaf9800 JavaThread "Thread-1804" [_thread_in_Java, id=128531, stack(0x0000700004804000,0x0000700004904000)]
  0x00007f969f228800 JavaThread "AWT-Shutdown" [_thread_blocked, id=74471, stack(0x0000700003cdd000,0x0000700003ddd000)]

Other Threads:
  0x00007f969e000800 VMThread "VM Thread" [stack: 0x00007000030b6000,0x00007000031b6000] [id=13571]
  0x00007f969e871000 WatcherThread [stack: 0x0000700003b57000,0x0000700003c57000] [id=41475]
  0x00007f969d824000 GCTaskThread "GC Thread#0" [stack: 0x0000700002ba7000,0x0000700002ca7000] [id=12035]
  0x00007f969e417800 GCTaskThread "GC Thread#1" [stack: 0x0000700003ee6000,0x0000700003fe6000] [id=68423]
  0x00007f969d8eb800 GCTaskThread "GC Thread#2" [stack: 0x00007000042f2000,0x00007000043f2000] [id=52743]
  0x00007f969f320000 GCTaskThread "GC Thread#3" [stack: 0x00007000043f5000,0x00007000044f5000] [id=68103]
  0x00007f969d845000 ConcurrentGCThread "G1 Main Marker" [stack: 0x0000700002caa000,0x0000700002daa000] [id=12547]
  0x00007f969d845800 ConcurrentGCThread "G1 Conc#0" [stack: 0x0000700002dad000,0x0000700002ead000] [id=13059]
  0x00007f969f047000 ConcurrentGCThread "G1 Refine#0" [stack: 0x0000700002eb0000,0x0000700002fb0000] [id=20483]
  0x00007f969e412800 ConcurrentGCThread "G1 Refine#1" [stack: 0x00007000044f8000,0x00007000045f8000] [id=67331]
  0x00007f969f048000 ConcurrentGCThread "G1 Young RemSet Sampling" [stack: 0x0000700002fb3000,0x00007000030b3000] [id=19971]

Threads with active compile tasks:

VM state:not at safepoint (normal execution)

VM Mutex/Monitor currently owned by a thread: None

Heap address: 0x0000000780000000, size: 2048 MB, Compressed Oops mode: Zero based, Oop shift amount: 3
Narrow klass base: 0x0000000800000000, Narrow klass shift: 0
Compressed class space size: 1073741824 Address: 0x0000000800000000

Heap:
 garbage-first heap   total 285696K, used 47611K [0x0000000780000000, 0x0000000800000000)
  region size 1024K, 32 young (32768K), 4 survivors (4096K)
 Metaspace       used 19675K, capacity 20098K, committed 20224K, reserved 1067008K
  class space    used 1873K, capacity 2027K, committed 2048K, reserved 1048576K
Heap Regions: E=young(eden), S=young(survivor), O=old, HS=humongous(starts), HC=humongous(continues), CS=collection set, F=free, A=archive, TAMS=top-at-mark-start (previous, next)
|   0|0x0000000780000000, 0x0000000780100000, 0x0000000780100000|100%| O|  |TAMS 0x0000000780100000, 0x0000000780000000| Untracked 
|   1|0x0000000780100000, 0x0000000780200000, 0x0000000780200000|100%| O|  |TAMS 0x0000000780200000, 0x0000000780100000| Untracked 
|   2|0x0000000780200000, 0x0000000780300000, 0x0000000780300000|100%| O|  |TAMS 0x0000000780300000, 0x0000000780200000| Untracked 
|   3|0x0000000780300000, 0x0000000780400000, 0x0000000780400000|100%| O|  |TAMS 0x0000000780300000, 0x0000000780300000| Untracked 
|   4|0x0000000780400000, 0x0000000780500000, 0x0000000780500000|100%| O|  |TAMS 0x0000000780500000, 0x0000000780400000| Untracked 
|   5|0x0000000780500000, 0x0000000780600000, 0x0000000780600000|100%| O|  |TAMS 0x0000000780600000, 0x0000000780500000| Untracked 
|   6|0x0000000780600000, 0x0000000780700000, 0x0000000780700000|100%| O|  |TAMS 0x0000000780700000, 0x0000000780600000| Untracked 
|   7|0x0000000780700000, 0x0000000780800000, 0x0000000780800000|100%| O|  |TAMS 0x0000000780700000, 0x0000000780700000| Untracked 
|   8|0x0000000780800000, 0x0000000780900000, 0x0000000780900000|100%| O|  |TAMS 0x0000000780800000, 0x0000000780800000| Untracked 
|   9|0x0000000780900000, 0x0000000780a00000, 0x0000000780a00000|100%| O|  |TAMS 0x0000000780900000, 0x0000000780900000| Untracked 
|  10|0x0000000780a00000, 0x0000000780b00000, 0x0000000780b00000|100%| O|  |TAMS 0x0000000780a00000, 0x0000000780a00000| Untracked 
|  11|0x0000000780b00000, 0x0000000780c00000, 0x0000000780c00000|100%| O|  |TAMS 0x0000000780b00000, 0x0000000780b00000| Untracked 
|  12|0x0000000780c00000, 0x0000000780d00000, 0x0000000780d00000|100%| O|  |TAMS 0x0000000780c00000, 0x0000000780c00000| Untracked 
|  13|0x0000000780d00000, 0x0000000780e00000, 0x0000000780e00000|100%| O|  |TAMS 0x0000000780d00000, 0x0000000780d00000| Untracked 
|  14|0x0000000780e00000, 0x0000000780eb2800, 0x0000000780f00000| 69%| O|  |TAMS 0x0000000780e00000, 0x0000000780e00000| Untracked 
|  15|0x0000000780f00000, 0x0000000780f00000, 0x0000000781000000|  0%| F|  |TAMS 0x0000000780f00000, 0x0000000780f00000| Untracked 
|  16|0x0000000781000000, 0x0000000781000000, 0x0000000781100000|  0%| F|  |TAMS 0x0000000781000000, 0x0000000781000000| Untracked 
|  17|0x0000000781100000, 0x0000000781100000, 0x0000000781200000|  0%| F|  |TAMS 0x0000000781100000, 0x0000000781100000| Untracked 
|  18|0x0000000781200000, 0x0000000781200000, 0x0000000781300000|  0%| F|  |TAMS 0x0000000781200000, 0x0000000781200000| Untracked 
|  19|0x0000000781300000, 0x0000000781300000, 0x0000000781400000|  0%| F|  |TAMS 0x0000000781300000, 0x0000000781300000| Untracked 
|  20|0x0000000781400000, 0x0000000781400000, 0x0000000781500000|  0%| F|  |TAMS 0x0000000781400000, 0x0000000781400000| Untracked 
|  21|0x0000000781500000, 0x0000000781500000, 0x0000000781600000|  0%| F|  |TAMS 0x0000000781500000, 0x0000000781500000| Untracked 
|  22|0x0000000781600000, 0x0000000781600000, 0x0000000781700000|  0%| F|  |TAMS 0x0000000781600000, 0x0000000781600000| Untracked 
|  23|0x0000000781700000, 0x0000000781700000, 0x0000000781800000|  0%| F|  |TAMS 0x0000000781700000, 0x0000000781700000| Untracked 
|  24|0x0000000781800000, 0x0000000781800000, 0x0000000781900000|  0%| F|  |TAMS 0x0000000781800000, 0x0000000781800000| Untracked 
|  25|0x0000000781900000, 0x0000000781900000, 0x0000000781a00000|  0%| F|  |TAMS 0x0000000781900000, 0x0000000781900000| Untracked 
|  26|0x0000000781a00000, 0x0000000781a00000, 0x0000000781b00000|  0%| F|  |TAMS 0x0000000781a00000, 0x0000000781a00000| Untracked 
|  27|0x0000000781b00000, 0x0000000781b00000, 0x0000000781c00000|  0%| F|  |TAMS 0x0000000781b00000, 0x0000000781b00000| Untracked 
|  28|0x0000000781c00000, 0x0000000781c00000, 0x0000000781d00000|  0%| F|  |TAMS 0x0000000781c00000, 0x0000000781c00000| Untracked 
|  29|0x0000000781d00000, 0x0000000781d00000, 0x0000000781e00000|  0%| F|  |TAMS 0x0000000781d00000, 0x0000000781d00000| Untracked 
|  30|0x0000000781e00000, 0x0000000781e00000, 0x0000000781f00000|  0%| F|  |TAMS 0x0000000781e00000, 0x0000000781e00000| Untracked 
|  31|0x0000000781f00000, 0x0000000781f00000, 0x0000000782000000|  0%| F|  |TAMS 0x0000000781f00000, 0x0000000781f00000| Untracked 
|  32|0x0000000782000000, 0x0000000782000000, 0x0000000782100000|  0%| F|  |TAMS 0x0000000782000000, 0x0000000782000000| Untracked 
|  33|0x0000000782100000, 0x0000000782100000, 0x0000000782200000|  0%| F|  |TAMS 0x0000000782100000, 0x0000000782100000| Untracked 
|  34|0x0000000782200000, 0x0000000782200000, 0x0000000782300000|  0%| F|  |TAMS 0x0000000782200000, 0x0000000782200000| Untracked 
|  35|0x0000000782300000, 0x0000000782300000, 0x0000000782400000|  0%| F|  |TAMS 0x0000000782300000, 0x0000000782300000| Untracked 
|  36|0x0000000782400000, 0x0000000782400000, 0x0000000782500000|  0%| F|  |TAMS 0x0000000782400000, 0x0000000782400000| Untracked 
|  37|0x0000000782500000, 0x0000000782500000, 0x0000000782600000|  0%| F|  |TAMS 0x0000000782500000, 0x0000000782500000| Untracked 
|  38|0x0000000782600000, 0x0000000782600000, 0x0000000782700000|  0%| F|  |TAMS 0x0000000782600000, 0x0000000782600000| Untracked 
|  39|0x0000000782700000, 0x0000000782700000, 0x0000000782800000|  0%| F|  |TAMS 0x0000000782700000, 0x0000000782700000| Untracked 
|  40|0x0000000782800000, 0x0000000782800000, 0x0000000782900000|  0%| F|  |TAMS 0x0000000782800000, 0x0000000782800000| Untracked 
|  41|0x0000000782900000, 0x0000000782900000, 0x0000000782a00000|  0%| F|  |TAMS 0x0000000782900000, 0x0000000782900000| Untracked 
|  42|0x0000000782a00000, 0x0000000782a00000, 0x0000000782b00000|  0%| F|  |TAMS 0x0000000782a00000, 0x0000000782a00000| Untracked 
|  43|0x0000000782b00000, 0x0000000782c00000, 0x0000000782c00000|100%| O|  |TAMS 0x0000000782bec000, 0x0000000782b00000| Untracked 
|  44|0x0000000782c00000, 0x0000000782c00000, 0x0000000782d00000|  0%| F|  |TAMS 0x0000000782c00000, 0x0000000782c00000| Untracked 
|  45|0x0000000782d00000, 0x0000000782d00000, 0x0000000782e00000|  0%| F|  |TAMS 0x0000000782d00000, 0x0000000782d00000| Untracked 
|  46|0x0000000782e00000, 0x0000000782e00000, 0x0000000782f00000|  0%| F|  |TAMS 0x0000000782e00000, 0x0000000782e00000| Untracked 
|  47|0x0000000782f00000, 0x0000000782f00000, 0x0000000783000000|  0%| F|  |TAMS 0x0000000782f00000, 0x0000000782f00000| Untracked 
|  48|0x0000000783000000, 0x0000000783000000, 0x0000000783100000|  0%| F|  |TAMS 0x0000000783000000, 0x0000000783000000| Untracked 
|  49|0x0000000783100000, 0x0000000783100000, 0x0000000783200000|  0%| F|  |TAMS 0x0000000783100000, 0x0000000783100000| Untracked 
|  50|0x0000000783200000, 0x0000000783200000, 0x0000000783300000|  0%| F|  |TAMS 0x0000000783200000, 0x0000000783200000| Untracked 
|  51|0x0000000783300000, 0x0000000783300000, 0x0000000783400000|  0%| F|  |TAMS 0x0000000783300000, 0x0000000783300000| Untracked 
|  52|0x0000000783400000, 0x0000000783400000, 0x0000000783500000|  0%| F|  |TAMS 0x0000000783400000, 0x0000000783400000| Untracked 
|  53|0x0000000783500000, 0x0000000783500000, 0x0000000783600000|  0%| F|  |TAMS 0x0000000783500000, 0x0000000783500000| Untracked 
|  54|0x0000000783600000, 0x0000000783600000, 0x0000000783700000|  0%| F|  |TAMS 0x0000000783600000, 0x0000000783600000| Untracked 
|  55|0x0000000783700000, 0x0000000783700000, 0x0000000783800000|  0%| F|  |TAMS 0x0000000783700000, 0x0000000783700000| Untracked 
|  56|0x0000000783800000, 0x0000000783800000, 0x0000000783900000|  0%| F|  |TAMS 0x0000000783800000, 0x0000000783800000| Untracked 
|  57|0x0000000783900000, 0x0000000783900000, 0x0000000783a00000|  0%| F|  |TAMS 0x0000000783900000, 0x0000000783900000| Untracked 
|  58|0x0000000783a00000, 0x0000000783a00000, 0x0000000783b00000|  0%| F|  |TAMS 0x0000000783a00000, 0x0000000783a00000| Untracked 
|  59|0x0000000783b00000, 0x0000000783b00000, 0x0000000783c00000|  0%| F|  |TAMS 0x0000000783b00000, 0x0000000783b00000| Untracked 
|  60|0x0000000783c00000, 0x0000000783c00000, 0x0000000783d00000|  0%| F|  |TAMS 0x0000000783c00000, 0x0000000783c00000| Untracked 
|  61|0x0000000783d00000, 0x0000000783d00000, 0x0000000783e00000|  0%| F|  |TAMS 0x0000000783d00000, 0x0000000783d00000| Untracked 
|  62|0x0000000783e00000, 0x0000000783e00000, 0x0000000783f00000|  0%| F|  |TAMS 0x0000000783e00000, 0x0000000783e00000| Untracked 
|  63|0x0000000783f00000, 0x0000000783f00000, 0x0000000784000000|  0%| F|  |TAMS 0x0000000783f00000, 0x0000000783f00000| Untracked 
|  64|0x0000000784000000, 0x0000000784000000, 0x0000000784100000|  0%| F|  |TAMS 0x0000000784000000, 0x0000000784000000| Untracked 
|  65|0x0000000784100000, 0x0000000784100000, 0x0000000784200000|  0%| F|  |TAMS 0x0000000784100000, 0x0000000784100000| Untracked 
|  66|0x0000000784200000, 0x0000000784200000, 0x0000000784300000|  0%| F|  |TAMS 0x0000000784200000, 0x0000000784200000| Untracked 
|  67|0x0000000784300000, 0x0000000784300000, 0x0000000784400000|  0%| F|  |TAMS 0x0000000784300000, 0x0000000784300000| Untracked 
|  68|0x0000000784400000, 0x0000000784400000, 0x0000000784500000|  0%| F|  |TAMS 0x0000000784400000, 0x0000000784400000| Untracked 
|  69|0x0000000784500000, 0x0000000784500000, 0x0000000784600000|  0%| F|  |TAMS 0x0000000784500000, 0x0000000784500000| Untracked 
|  70|0x0000000784600000, 0x0000000784600000, 0x0000000784700000|  0%| F|  |TAMS 0x0000000784600000, 0x0000000784600000| Untracked 
|  71|0x0000000784700000, 0x0000000784700000, 0x0000000784800000|  0%| F|  |TAMS 0x0000000784700000, 0x0000000784700000| Untracked 
|  72|0x0000000784800000, 0x0000000784800000, 0x0000000784900000|  0%| F|  |TAMS 0x0000000784800000, 0x0000000784800000| Untracked 
|  73|0x0000000784900000, 0x0000000784900000, 0x0000000784a00000|  0%| F|  |TAMS 0x0000000784900000, 0x0000000784900000| Untracked 
|  74|0x0000000784a00000, 0x0000000784a00000, 0x0000000784b00000|  0%| F|  |TAMS 0x0000000784a00000, 0x0000000784a00000| Untracked 
|  75|0x0000000784b00000, 0x0000000784b00000, 0x0000000784c00000|  0%| F|  |TAMS 0x0000000784b00000, 0x0000000784b00000| Untracked 
|  76|0x0000000784c00000, 0x0000000784c00000, 0x0000000784d00000|  0%| F|  |TAMS 0x0000000784c00000, 0x0000000784c00000| Untracked 
|  77|0x0000000784d00000, 0x0000000784d00000, 0x0000000784e00000|  0%| F|  |TAMS 0x0000000784d00000, 0x0000000784d00000| Untracked 
|  78|0x0000000784e00000, 0x0000000784e00000, 0x0000000784f00000|  0%| F|  |TAMS 0x0000000784e00000, 0x0000000784e00000| Untracked 
|  79|0x0000000784f00000, 0x0000000784f00000, 0x0000000785000000|  0%| F|  |TAMS 0x0000000784f00000, 0x0000000784f00000| Untracked 
|  80|0x0000000785000000, 0x0000000785000000, 0x0000000785100000|  0%| F|  |TAMS 0x0000000785000000, 0x0000000785000000| Untracked 
|  81|0x0000000785100000, 0x0000000785100000, 0x0000000785200000|  0%| F|  |TAMS 0x0000000785100000, 0x0000000785100000| Untracked 
|  82|0x0000000785200000, 0x0000000785200000, 0x0000000785300000|  0%| F|  |TAMS 0x0000000785200000, 0x0000000785200000| Untracked 
|  83|0x0000000785300000, 0x0000000785300000, 0x0000000785400000|  0%| F|  |TAMS 0x0000000785300000, 0x0000000785300000| Untracked 
|  84|0x0000000785400000, 0x0000000785400000, 0x0000000785500000|  0%| F|  |TAMS 0x0000000785400000, 0x0000000785400000| Untracked 
|  85|0x0000000785500000, 0x0000000785500000, 0x0000000785600000|  0%| F|  |TAMS 0x0000000785500000, 0x0000000785500000| Untracked 
|  86|0x0000000785600000, 0x0000000785600000, 0x0000000785700000|  0%| F|  |TAMS 0x0000000785600000, 0x0000000785600000| Untracked 
|  87|0x0000000785700000, 0x0000000785700000, 0x0000000785800000|  0%| F|  |TAMS 0x0000000785700000, 0x0000000785700000| Untracked 
|  88|0x0000000785800000, 0x0000000785800000, 0x0000000785900000|  0%| F|  |TAMS 0x0000000785800000, 0x0000000785800000| Untracked 
|  89|0x0000000785900000, 0x0000000785900000, 0x0000000785a00000|  0%| F|  |TAMS 0x0000000785900000, 0x0000000785900000| Untracked 
|  90|0x0000000785a00000, 0x0000000785a00000, 0x0000000785b00000|  0%| F|  |TAMS 0x0000000785a00000, 0x0000000785a00000| Untracked 
|  91|0x0000000785b00000, 0x0000000785b00000, 0x0000000785c00000|  0%| F|  |TAMS 0x0000000785b00000, 0x0000000785b00000| Untracked 
|  92|0x0000000785c00000, 0x0000000785c00000, 0x0000000785d00000|  0%| F|  |TAMS 0x0000000785c00000, 0x0000000785c00000| Untracked 
|  93|0x0000000785d00000, 0x0000000785d00000, 0x0000000785e00000|  0%| F|  |TAMS 0x0000000785d00000, 0x0000000785d00000| Untracked 
|  94|0x0000000785e00000, 0x0000000785e00000, 0x0000000785f00000|  0%| F|  |TAMS 0x0000000785e00000, 0x0000000785e00000| Untracked 
|  95|0x0000000785f00000, 0x0000000785f00000, 0x0000000786000000|  0%| F|  |TAMS 0x0000000785f00000, 0x0000000785f00000| Untracked 
|  96|0x0000000786000000, 0x0000000786000000, 0x0000000786100000|  0%| F|  |TAMS 0x0000000786000000, 0x0000000786000000| Untracked 
|  97|0x0000000786100000, 0x0000000786100000, 0x0000000786200000|  0%| F|  |TAMS 0x0000000786100000, 0x0000000786100000| Untracked 
|  98|0x0000000786200000, 0x0000000786200000, 0x0000000786300000|  0%| F|  |TAMS 0x0000000786200000, 0x0000000786200000| Untracked 
|  99|0x0000000786300000, 0x0000000786300000, 0x0000000786400000|  0%| F|  |TAMS 0x0000000786300000, 0x0000000786300000| Untracked 
| 100|0x0000000786400000, 0x0000000786400000, 0x0000000786500000|  0%| F|  |TAMS 0x0000000786400000, 0x0000000786400000| Untracked 
| 101|0x0000000786500000, 0x0000000786500000, 0x0000000786600000|  0%| F|  |TAMS 0x0000000786500000, 0x0000000786500000| Untracked 
| 102|0x0000000786600000, 0x0000000786600000, 0x0000000786700000|  0%| F|  |TAMS 0x0000000786600000, 0x0000000786600000| Untracked 
| 103|0x0000000786700000, 0x0000000786700000, 0x0000000786800000|  0%| F|  |TAMS 0x0000000786700000, 0x0000000786700000| Untracked 
| 104|0x0000000786800000, 0x0000000786800000, 0x0000000786900000|  0%| F|  |TAMS 0x0000000786800000, 0x0000000786800000| Untracked 
| 105|0x0000000786900000, 0x0000000786900000, 0x0000000786a00000|  0%| F|  |TAMS 0x0000000786900000, 0x0000000786900000| Untracked 
| 106|0x0000000786a00000, 0x0000000786a00000, 0x0000000786b00000|  0%| F|  |TAMS 0x0000000786a00000, 0x0000000786a00000| Untracked 
| 107|0x0000000786b00000, 0x0000000786b00000, 0x0000000786c00000|  0%| F|  |TAMS 0x0000000786b00000, 0x0000000786b00000| Untracked 
| 108|0x0000000786c00000, 0x0000000786ccc6f8, 0x0000000786d00000| 79%| S|CS|TAMS 0x0000000786c00000, 0x0000000786c00000| Complete 
| 109|0x0000000786d00000, 0x0000000786e00000, 0x0000000786e00000|100%| S|CS|TAMS 0x0000000786d00000, 0x0000000786d00000| Complete 
| 110|0x0000000786e00000, 0x0000000786f00000, 0x0000000786f00000|100%| S|CS|TAMS 0x0000000786e00000, 0x0000000786e00000| Complete 
| 111|0x0000000786f00000, 0x0000000786f00000, 0x0000000787000000|  0%| F|  |TAMS 0x0000000786f00000, 0x0000000786f00000| Untracked 
| 112|0x0000000787000000, 0x0000000787100000, 0x0000000787100000|100%| S|CS|TAMS 0x0000000787000000, 0x0000000787000000| Complete 
| 113|0x0000000787100000, 0x0000000787100000, 0x0000000787200000|  0%| F|  |TAMS 0x0000000787100000, 0x0000000787100000| Untracked 
| 114|0x0000000787200000, 0x0000000787200000, 0x0000000787300000|  0%| F|  |TAMS 0x0000000787200000, 0x0000000787200000| Untracked 
| 115|0x0000000787300000, 0x0000000787300000, 0x0000000787400000|  0%| F|  |TAMS 0x0000000787300000, 0x0000000787300000| Untracked 
| 116|0x0000000787400000, 0x0000000787400000, 0x0000000787500000|  0%| F|  |TAMS 0x0000000787400000, 0x0000000787400000| Untracked 
| 117|0x0000000787500000, 0x0000000787500000, 0x0000000787600000|  0%| F|  |TAMS 0x0000000787500000, 0x0000000787500000| Untracked 
| 118|0x0000000787600000, 0x0000000787600000, 0x0000000787700000|  0%| F|  |TAMS 0x0000000787600000, 0x0000000787600000| Untracked 
| 119|0x0000000787700000, 0x0000000787700000, 0x0000000787800000|  0%| F|  |TAMS 0x0000000787700000, 0x0000000787700000| Untracked 
| 120|0x0000000787800000, 0x0000000787800000, 0x0000000787900000|  0%| F|  |TAMS 0x0000000787800000, 0x0000000787800000| Untracked 
| 121|0x0000000787900000, 0x0000000787900000, 0x0000000787a00000|  0%| F|  |TAMS 0x0000000787900000, 0x0000000787900000| Untracked 
| 122|0x0000000787a00000, 0x0000000787a00000, 0x0000000787b00000|  0%| F|  |TAMS 0x0000000787a00000, 0x0000000787a00000| Untracked 
| 123|0x0000000787b00000, 0x0000000787b00000, 0x0000000787c00000|  0%| F|  |TAMS 0x0000000787b00000, 0x0000000787b00000| Untracked 
| 124|0x0000000787c00000, 0x0000000787c00000, 0x0000000787d00000|  0%| F|  |TAMS 0x0000000787c00000, 0x0000000787c00000| Untracked 
| 125|0x0000000787d00000, 0x0000000787d00000, 0x0000000787e00000|  0%| F|  |TAMS 0x0000000787d00000, 0x0000000787d00000| Untracked 
| 126|0x0000000787e00000, 0x0000000787e00000, 0x0000000787f00000|  0%| F|  |TAMS 0x0000000787e00000, 0x0000000787e00000| Untracked 
| 127|0x0000000787f00000, 0x0000000787f00000, 0x0000000788000000|  0%| F|  |TAMS 0x0000000787f00000, 0x0000000787f00000| Untracked 
| 128|0x0000000788000000, 0x0000000788000000, 0x0000000788100000|  0%| F|  |TAMS 0x0000000788000000, 0x0000000788000000| Untracked 
| 129|0x0000000788100000, 0x0000000788100000, 0x0000000788200000|  0%| F|  |TAMS 0x0000000788100000, 0x0000000788100000| Untracked 
| 130|0x0000000788200000, 0x0000000788200000, 0x0000000788300000|  0%| F|  |TAMS 0x0000000788200000, 0x0000000788200000| Untracked 
| 131|0x0000000788300000, 0x0000000788300000, 0x0000000788400000|  0%| F|  |TAMS 0x0000000788300000, 0x0000000788300000| Untracked 
| 132|0x0000000788400000, 0x0000000788400000, 0x0000000788500000|  0%| F|  |TAMS 0x0000000788400000, 0x0000000788400000| Untracked 
| 133|0x0000000788500000, 0x0000000788500000, 0x0000000788600000|  0%| F|  |TAMS 0x0000000788500000, 0x0000000788500000| Untracked 
| 134|0x0000000788600000, 0x0000000788600000, 0x0000000788700000|  0%| F|  |TAMS 0x0000000788600000, 0x0000000788600000| Untracked 
| 135|0x0000000788700000, 0x0000000788700000, 0x0000000788800000|  0%| F|  |TAMS 0x0000000788700000, 0x0000000788700000| Untracked 
| 136|0x0000000788800000, 0x0000000788800000, 0x0000000788900000|  0%| F|  |TAMS 0x0000000788800000, 0x0000000788800000| Untracked 
| 137|0x0000000788900000, 0x0000000788900000, 0x0000000788a00000|  0%| F|  |TAMS 0x0000000788900000, 0x0000000788900000| Untracked 
| 138|0x0000000788a00000, 0x0000000788a00000, 0x0000000788b00000|  0%| F|  |TAMS 0x0000000788a00000, 0x0000000788a00000| Untracked 
| 139|0x0000000788b00000, 0x0000000788b00000, 0x0000000788c00000|  0%| F|  |TAMS 0x0000000788b00000, 0x0000000788b00000| Untracked 
| 140|0x0000000788c00000, 0x0000000788c00000, 0x0000000788d00000|  0%| F|  |TAMS 0x0000000788c00000, 0x0000000788c00000| Untracked 
| 141|0x0000000788d00000, 0x0000000788d00000, 0x0000000788e00000|  0%| F|  |TAMS 0x0000000788d00000, 0x0000000788d00000| Untracked 
| 142|0x0000000788e00000, 0x0000000788e00000, 0x0000000788f00000|  0%| F|  |TAMS 0x0000000788e00000, 0x0000000788e00000| Untracked 
| 143|0x0000000788f00000, 0x0000000788f00000, 0x0000000789000000|  0%| F|  |TAMS 0x0000000788f00000, 0x0000000788f00000| Untracked 
| 144|0x0000000789000000, 0x0000000789000000, 0x0000000789100000|  0%| F|  |TAMS 0x0000000789000000, 0x0000000789000000| Untracked 
| 145|0x0000000789100000, 0x0000000789100000, 0x0000000789200000|  0%| F|  |TAMS 0x0000000789100000, 0x0000000789100000| Untracked 
| 146|0x0000000789200000, 0x0000000789200000, 0x0000000789300000|  0%| F|  |TAMS 0x0000000789200000, 0x0000000789200000| Untracked 
| 147|0x0000000789300000, 0x0000000789300000, 0x0000000789400000|  0%| F|  |TAMS 0x0000000789300000, 0x0000000789300000| Untracked 
| 148|0x0000000789400000, 0x0000000789400000, 0x0000000789500000|  0%| F|  |TAMS 0x0000000789400000, 0x0000000789400000| Untracked 
| 149|0x0000000789500000, 0x0000000789500000, 0x0000000789600000|  0%| F|  |TAMS 0x0000000789500000, 0x0000000789500000| Untracked 
| 150|0x0000000789600000, 0x0000000789600000, 0x0000000789700000|  0%| F|  |TAMS 0x0000000789600000, 0x0000000789600000| Untracked 
| 151|0x0000000789700000, 0x0000000789700000, 0x0000000789800000|  0%| F|  |TAMS 0x0000000789700000, 0x0000000789700000| Untracked 
| 152|0x0000000789800000, 0x0000000789800000, 0x0000000789900000|  0%| F|  |TAMS 0x0000000789800000, 0x0000000789800000| Untracked 
| 153|0x0000000789900000, 0x0000000789900000, 0x0000000789a00000|  0%| F|  |TAMS 0x0000000789900000, 0x0000000789900000| Untracked 
| 154|0x0000000789a00000, 0x0000000789a00000, 0x0000000789b00000|  0%| F|  |TAMS 0x0000000789a00000, 0x0000000789a00000| Untracked 
| 155|0x0000000789b00000, 0x0000000789b00000, 0x0000000789c00000|  0%| F|  |TAMS 0x0000000789b00000, 0x0000000789b00000| Untracked 
| 156|0x0000000789c00000, 0x0000000789c00000, 0x0000000789d00000|  0%| F|  |TAMS 0x0000000789c00000, 0x0000000789c00000| Untracked 
| 157|0x0000000789d00000, 0x0000000789d00000, 0x0000000789e00000|  0%| F|  |TAMS 0x0000000789d00000, 0x0000000789d00000| Untracked 
| 158|0x0000000789e00000, 0x0000000789e00000, 0x0000000789f00000|  0%| F|  |TAMS 0x0000000789e00000, 0x0000000789e00000| Untracked 
| 159|0x0000000789f00000, 0x0000000789f00000, 0x000000078a000000|  0%| F|  |TAMS 0x0000000789f00000, 0x0000000789f00000| Untracked 
| 160|0x000000078a000000, 0x000000078a000000, 0x000000078a100000|  0%| F|  |TAMS 0x000000078a000000, 0x000000078a000000| Untracked 
| 161|0x000000078a100000, 0x000000078a100000, 0x000000078a200000|  0%| F|  |TAMS 0x000000078a100000, 0x000000078a100000| Untracked 
| 162|0x000000078a200000, 0x000000078a200000, 0x000000078a300000|  0%| F|  |TAMS 0x000000078a200000, 0x000000078a200000| Untracked 
| 163|0x000000078a300000, 0x000000078a300000, 0x000000078a400000|  0%| F|  |TAMS 0x000000078a300000, 0x000000078a300000| Untracked 
| 164|0x000000078a400000, 0x000000078a400000, 0x000000078a500000|  0%| F|  |TAMS 0x000000078a400000, 0x000000078a400000| Untracked 
| 165|0x000000078a500000, 0x000000078a500000, 0x000000078a600000|  0%| F|  |TAMS 0x000000078a500000, 0x000000078a500000| Untracked 
| 166|0x000000078a600000, 0x000000078a600000, 0x000000078a700000|  0%| F|  |TAMS 0x000000078a600000, 0x000000078a600000| Untracked 
| 167|0x000000078a700000, 0x000000078a700000, 0x000000078a800000|  0%| F|  |TAMS 0x000000078a700000, 0x000000078a700000| Untracked 
| 168|0x000000078a800000, 0x000000078a800000, 0x000000078a900000|  0%| F|  |TAMS 0x000000078a800000, 0x000000078a800000| Untracked 
| 169|0x000000078a900000, 0x000000078a900000, 0x000000078aa00000|  0%| F|  |TAMS 0x000000078a900000, 0x000000078a900000| Untracked 
| 170|0x000000078aa00000, 0x000000078aa00000, 0x000000078ab00000|  0%| F|  |TAMS 0x000000078aa00000, 0x000000078aa00000| Untracked 
| 171|0x000000078ab00000, 0x000000078ab00000, 0x000000078ac00000|  0%| F|  |TAMS 0x000000078ab00000, 0x000000078ab00000| Untracked 
| 172|0x000000078ac00000, 0x000000078ac00000, 0x000000078ad00000|  0%| F|  |TAMS 0x000000078ac00000, 0x000000078ac00000| Untracked 
| 173|0x000000078ad00000, 0x000000078ad00000, 0x000000078ae00000|  0%| F|  |TAMS 0x000000078ad00000, 0x000000078ad00000| Untracked 
| 174|0x000000078ae00000, 0x000000078ae00000, 0x000000078af00000|  0%| F|  |TAMS 0x000000078ae00000, 0x000000078ae00000| Untracked 
| 175|0x000000078af00000, 0x000000078af00000, 0x000000078b000000|  0%| F|  |TAMS 0x000000078af00000, 0x000000078af00000| Untracked 
| 176|0x000000078b000000, 0x000000078b000000, 0x000000078b100000|  0%| F|  |TAMS 0x000000078b000000, 0x000000078b000000| Untracked 
| 177|0x000000078b100000, 0x000000078b100000, 0x000000078b200000|  0%| F|  |TAMS 0x000000078b100000, 0x000000078b100000| Untracked 
| 178|0x000000078b200000, 0x000000078b200000, 0x000000078b300000|  0%| F|  |TAMS 0x000000078b200000, 0x000000078b200000| Untracked 
| 179|0x000000078b300000, 0x000000078b300000, 0x000000078b400000|  0%| F|  |TAMS 0x000000078b300000, 0x000000078b300000| Untracked 
| 180|0x000000078b400000, 0x000000078b400000, 0x000000078b500000|  0%| F|  |TAMS 0x000000078b400000, 0x000000078b400000| Untracked 
| 181|0x000000078b500000, 0x000000078b500000, 0x000000078b600000|  0%| F|  |TAMS 0x000000078b500000, 0x000000078b500000| Untracked 
| 182|0x000000078b600000, 0x000000078b600000, 0x000000078b700000|  0%| F|  |TAMS 0x000000078b600000, 0x000000078b600000| Untracked 
| 183|0x000000078b700000, 0x000000078b700000, 0x000000078b800000|  0%| F|  |TAMS 0x000000078b700000, 0x000000078b700000| Untracked 
| 184|0x000000078b800000, 0x000000078b800000, 0x000000078b900000|  0%| F|  |TAMS 0x000000078b800000, 0x000000078b800000| Untracked 
| 185|0x000000078b900000, 0x000000078b900000, 0x000000078ba00000|  0%| F|  |TAMS 0x000000078b900000, 0x000000078b900000| Untracked 
| 186|0x000000078ba00000, 0x000000078ba00000, 0x000000078bb00000|  0%| F|  |TAMS 0x000000078ba00000, 0x000000078ba00000| Untracked 
| 187|0x000000078bb00000, 0x000000078bb00000, 0x000000078bc00000|  0%| F|  |TAMS 0x000000078bb00000, 0x000000078bb00000| Untracked 
| 188|0x000000078bc00000, 0x000000078bc00000, 0x000000078bd00000|  0%| F|  |TAMS 0x000000078bc00000, 0x000000078bc00000| Untracked 
| 189|0x000000078bd00000, 0x000000078bd00000, 0x000000078be00000|  0%| F|  |TAMS 0x000000078bd00000, 0x000000078bd00000| Untracked 
| 190|0x000000078be00000, 0x000000078be00000, 0x000000078bf00000|  0%| F|  |TAMS 0x000000078be00000, 0x000000078be00000| Untracked 
| 191|0x000000078bf00000, 0x000000078bf00000, 0x000000078c000000|  0%| F|  |TAMS 0x000000078bf00000, 0x000000078bf00000| Untracked 
| 192|0x000000078c000000, 0x000000078c000000, 0x000000078c100000|  0%| F|  |TAMS 0x000000078c000000, 0x000000078c000000| Untracked 
| 193|0x000000078c100000, 0x000000078c100000, 0x000000078c200000|  0%| F|  |TAMS 0x000000078c100000, 0x000000078c100000| Untracked 
| 194|0x000000078c200000, 0x000000078c200000, 0x000000078c300000|  0%| F|  |TAMS 0x000000078c200000, 0x000000078c200000| Untracked 
| 195|0x000000078c300000, 0x000000078c300000, 0x000000078c400000|  0%| F|  |TAMS 0x000000078c300000, 0x000000078c300000| Untracked 
| 196|0x000000078c400000, 0x000000078c400000, 0x000000078c500000|  0%| F|  |TAMS 0x000000078c400000, 0x000000078c400000| Untracked 
| 197|0x000000078c500000, 0x000000078c500000, 0x000000078c600000|  0%| F|  |TAMS 0x000000078c500000, 0x000000078c500000| Untracked 
| 198|0x000000078c600000, 0x000000078c600000, 0x000000078c700000|  0%| F|  |TAMS 0x000000078c600000, 0x000000078c600000| Untracked 
| 199|0x000000078c700000, 0x000000078c700000, 0x000000078c800000|  0%| F|  |TAMS 0x000000078c700000, 0x000000078c700000| Untracked 
| 200|0x000000078c800000, 0x000000078c800000, 0x000000078c900000|  0%| F|  |TAMS 0x000000078c800000, 0x000000078c800000| Untracked 
| 201|0x000000078c900000, 0x000000078c900000, 0x000000078ca00000|  0%| F|  |TAMS 0x000000078c900000, 0x000000078c900000| Untracked 
| 202|0x000000078ca00000, 0x000000078ca00000, 0x000000078cb00000|  0%| F|  |TAMS 0x000000078ca00000, 0x000000078ca00000| Untracked 
| 203|0x000000078cb00000, 0x000000078cb00000, 0x000000078cc00000|  0%| F|  |TAMS 0x000000078cb00000, 0x000000078cb00000| Untracked 
| 204|0x000000078cc00000, 0x000000078cc00000, 0x000000078cd00000|  0%| F|  |TAMS 0x000000078cc00000, 0x000000078cc00000| Untracked 
| 205|0x000000078cd00000, 0x000000078cd00000, 0x000000078ce00000|  0%| F|  |TAMS 0x000000078cd00000, 0x000000078cd00000| Untracked 
| 206|0x000000078ce00000, 0x000000078ce00000, 0x000000078cf00000|  0%| F|  |TAMS 0x000000078ce00000, 0x000000078ce00000| Untracked 
| 207|0x000000078cf00000, 0x000000078cf00000, 0x000000078d000000|  0%| F|  |TAMS 0x000000078cf00000, 0x000000078cf00000| Untracked 
| 208|0x000000078d000000, 0x000000078d000000, 0x000000078d100000|  0%| F|  |TAMS 0x000000078d000000, 0x000000078d000000| Untracked 
| 209|0x000000078d100000, 0x000000078d100000, 0x000000078d200000|  0%| F|  |TAMS 0x000000078d100000, 0x000000078d100000| Untracked 
| 210|0x000000078d200000, 0x000000078d200000, 0x000000078d300000|  0%| F|  |TAMS 0x000000078d200000, 0x000000078d200000| Untracked 
| 211|0x000000078d300000, 0x000000078d300000, 0x000000078d400000|  0%| F|  |TAMS 0x000000078d300000, 0x000000078d300000| Untracked 
| 212|0x000000078d400000, 0x000000078d400000, 0x000000078d500000|  0%| F|  |TAMS 0x000000078d400000, 0x000000078d400000| Untracked 
| 213|0x000000078d500000, 0x000000078d500000, 0x000000078d600000|  0%| F|  |TAMS 0x000000078d500000, 0x000000078d500000| Untracked 
| 214|0x000000078d600000, 0x000000078d600000, 0x000000078d700000|  0%| F|  |TAMS 0x000000078d600000, 0x000000078d600000| Untracked 
| 215|0x000000078d700000, 0x000000078d700000, 0x000000078d800000|  0%| F|  |TAMS 0x000000078d700000, 0x000000078d700000| Untracked 
| 216|0x000000078d800000, 0x000000078d800000, 0x000000078d900000|  0%| F|  |TAMS 0x000000078d800000, 0x000000078d800000| Untracked 
| 217|0x000000078d900000, 0x000000078d900000, 0x000000078da00000|  0%| F|  |TAMS 0x000000078d900000, 0x000000078d900000| Untracked 
| 218|0x000000078da00000, 0x000000078da00000, 0x000000078db00000|  0%| F|  |TAMS 0x000000078da00000, 0x000000078da00000| Untracked 
| 219|0x000000078db00000, 0x000000078db00000, 0x000000078dc00000|  0%| F|  |TAMS 0x000000078db00000, 0x000000078db00000| Untracked 
| 220|0x000000078dc00000, 0x000000078dc00000, 0x000000078dd00000|  0%| F|  |TAMS 0x000000078dc00000, 0x000000078dc00000| Untracked 
| 221|0x000000078dd00000, 0x000000078dd00000, 0x000000078de00000|  0%| F|  |TAMS 0x000000078dd00000, 0x000000078dd00000| Untracked 
| 222|0x000000078de00000, 0x000000078de00000, 0x000000078df00000|  0%| F|  |TAMS 0x000000078de00000, 0x000000078de00000| Untracked 
| 223|0x000000078df00000, 0x000000078df00000, 0x000000078e000000|  0%| F|  |TAMS 0x000000078df00000, 0x000000078df00000| Untracked 
| 224|0x000000078e000000, 0x000000078e000000, 0x000000078e100000|  0%| F|  |TAMS 0x000000078e000000, 0x000000078e000000| Untracked 
| 225|0x000000078e100000, 0x000000078e100000, 0x000000078e200000|  0%| F|  |TAMS 0x000000078e100000, 0x000000078e100000| Untracked 
| 226|0x000000078e200000, 0x000000078e200000, 0x000000078e300000|  0%| F|  |TAMS 0x000000078e200000, 0x000000078e200000| Untracked 
| 227|0x000000078e300000, 0x000000078e300000, 0x000000078e400000|  0%| F|  |TAMS 0x000000078e300000, 0x000000078e300000| Untracked 
| 228|0x000000078e400000, 0x000000078e400000, 0x000000078e500000|  0%| F|  |TAMS 0x000000078e400000, 0x000000078e400000| Untracked 
| 229|0x000000078e500000, 0x000000078e500000, 0x000000078e600000|  0%| F|  |TAMS 0x000000078e500000, 0x000000078e500000| Untracked 
| 230|0x000000078e600000, 0x000000078e600000, 0x000000078e700000|  0%| F|  |TAMS 0x000000078e600000, 0x000000078e600000| Untracked 
| 231|0x000000078e700000, 0x000000078e700000, 0x000000078e800000|  0%| F|  |TAMS 0x000000078e700000, 0x000000078e700000| Untracked 
| 232|0x000000078e800000, 0x000000078e800000, 0x000000078e900000|  0%| F|  |TAMS 0x000000078e800000, 0x000000078e800000| Untracked 
| 233|0x000000078e900000, 0x000000078e900000, 0x000000078ea00000|  0%| F|  |TAMS 0x000000078e900000, 0x000000078e900000| Untracked 
| 234|0x000000078ea00000, 0x000000078ea00000, 0x000000078eb00000|  0%| F|  |TAMS 0x000000078ea00000, 0x000000078ea00000| Untracked 
| 235|0x000000078eb00000, 0x000000078eb00000, 0x000000078ec00000|  0%| F|  |TAMS 0x000000078eb00000, 0x000000078eb00000| Untracked 
| 236|0x000000078ec00000, 0x000000078ec00000, 0x000000078ed00000|  0%| F|  |TAMS 0x000000078ec00000, 0x000000078ec00000| Untracked 
| 237|0x000000078ed00000, 0x000000078ed00000, 0x000000078ee00000|  0%| F|  |TAMS 0x000000078ed00000, 0x000000078ed00000| Untracked 
| 238|0x000000078ee00000, 0x000000078ee00000, 0x000000078ef00000|  0%| F|  |TAMS 0x000000078ee00000, 0x000000078ee00000| Untracked 
| 239|0x000000078ef00000, 0x000000078ef00000, 0x000000078f000000|  0%| F|  |TAMS 0x000000078ef00000, 0x000000078ef00000| Untracked 
| 240|0x000000078f000000, 0x000000078f000000, 0x000000078f100000|  0%| F|  |TAMS 0x000000078f000000, 0x000000078f000000| Untracked 
| 241|0x000000078f100000, 0x000000078f100000, 0x000000078f200000|  0%| F|  |TAMS 0x000000078f100000, 0x000000078f100000| Untracked 
| 242|0x000000078f200000, 0x000000078f200000, 0x000000078f300000|  0%| F|  |TAMS 0x000000078f200000, 0x000000078f200000| Untracked 
| 243|0x000000078f300000, 0x000000078f300000, 0x000000078f400000|  0%| F|  |TAMS 0x000000078f300000, 0x000000078f300000| Untracked 
| 244|0x000000078f400000, 0x000000078f400000, 0x000000078f500000|  0%| F|  |TAMS 0x000000078f400000, 0x000000078f400000| Untracked 
| 245|0x000000078f500000, 0x000000078f500000, 0x000000078f600000|  0%| F|  |TAMS 0x000000078f500000, 0x000000078f500000| Untracked 
| 246|0x000000078f600000, 0x000000078f600000, 0x000000078f700000|  0%| F|  |TAMS 0x000000078f600000, 0x000000078f600000| Untracked 
| 247|0x000000078f700000, 0x000000078f700000, 0x000000078f800000|  0%| F|  |TAMS 0x000000078f700000, 0x000000078f700000| Untracked 
| 248|0x000000078f800000, 0x000000078f800000, 0x000000078f900000|  0%| F|  |TAMS 0x000000078f800000, 0x000000078f800000| Untracked 
| 249|0x000000078f900000, 0x000000078f900000, 0x000000078fa00000|  0%| F|  |TAMS 0x000000078f900000, 0x000000078f900000| Untracked 
| 250|0x000000078fa00000, 0x000000078fa00000, 0x000000078fb00000|  0%| F|  |TAMS 0x000000078fa00000, 0x000000078fa00000| Untracked 
| 251|0x000000078fb00000, 0x000000078fb5f408, 0x000000078fc00000| 37%| E|  |TAMS 0x000000078fb00000, 0x000000078fb00000| Complete 
| 252|0x000000078fc00000, 0x000000078fd00000, 0x000000078fd00000|100%| E|CS|TAMS 0x000000078fc00000, 0x000000078fc00000| Complete 
| 253|0x000000078fd00000, 0x000000078fe00000, 0x000000078fe00000|100%| E|CS|TAMS 0x000000078fd00000, 0x000000078fd00000| Complete 
| 254|0x000000078fe00000, 0x000000078ff00000, 0x000000078ff00000|100%| E|CS|TAMS 0x000000078fe00000, 0x000000078fe00000| Complete 
| 255|0x000000078ff00000, 0x0000000790000000, 0x0000000790000000|100%| E|CS|TAMS 0x000000078ff00000, 0x000000078ff00000| Complete 
| 256|0x0000000790000000, 0x0000000790100000, 0x0000000790100000|100%| E|CS|TAMS 0x0000000790000000, 0x0000000790000000| Complete 
| 257|0x0000000790100000, 0x0000000790200000, 0x0000000790200000|100%| E|CS|TAMS 0x0000000790100000, 0x0000000790100000| Complete 
| 258|0x0000000790200000, 0x0000000790300000, 0x0000000790300000|100%| E|CS|TAMS 0x0000000790200000, 0x0000000790200000| Complete 
| 259|0x0000000790300000, 0x0000000790400000, 0x0000000790400000|100%| E|CS|TAMS 0x0000000790300000, 0x0000000790300000| Complete 
| 260|0x0000000790400000, 0x0000000790500000, 0x0000000790500000|100%| E|CS|TAMS 0x0000000790400000, 0x0000000790400000| Complete 
| 261|0x0000000790500000, 0x0000000790600000, 0x0000000790600000|100%| E|CS|TAMS 0x0000000790500000, 0x0000000790500000| Complete 
| 262|0x0000000790600000, 0x0000000790700000, 0x0000000790700000|100%| E|CS|TAMS 0x0000000790600000, 0x0000000790600000| Complete 
| 263|0x0000000790700000, 0x0000000790800000, 0x0000000790800000|100%| E|CS|TAMS 0x0000000790700000, 0x0000000790700000| Complete 
| 264|0x0000000790800000, 0x0000000790900000, 0x0000000790900000|100%| E|CS|TAMS 0x0000000790800000, 0x0000000790800000| Complete 
| 265|0x0000000790900000, 0x0000000790a00000, 0x0000000790a00000|100%| E|CS|TAMS 0x0000000790900000, 0x0000000790900000| Complete 
| 266|0x0000000790a00000, 0x0000000790b00000, 0x0000000790b00000|100%| E|CS|TAMS 0x0000000790a00000, 0x0000000790a00000| Complete 
| 267|0x0000000790b00000, 0x0000000790c00000, 0x0000000790c00000|100%| E|CS|TAMS 0x0000000790b00000, 0x0000000790b00000| Complete 
| 268|0x0000000790c00000, 0x0000000790d00000, 0x0000000790d00000|100%| E|CS|TAMS 0x0000000790c00000, 0x0000000790c00000| Complete 
| 269|0x0000000790d00000, 0x0000000790e00000, 0x0000000790e00000|100%| E|CS|TAMS 0x0000000790d00000, 0x0000000790d00000| Complete 
| 270|0x0000000790e00000, 0x0000000790f00000, 0x0000000790f00000|100%| E|CS|TAMS 0x0000000790e00000, 0x0000000790e00000| Complete 
| 271|0x0000000790f00000, 0x0000000791000000, 0x0000000791000000|100%| E|CS|TAMS 0x0000000790f00000, 0x0000000790f00000| Complete 
| 272|0x0000000791000000, 0x0000000791100000, 0x0000000791100000|100%| E|CS|TAMS 0x0000000791000000, 0x0000000791000000| Complete 
| 273|0x0000000791100000, 0x0000000791200000, 0x0000000791200000|100%| E|CS|TAMS 0x0000000791100000, 0x0000000791100000| Complete 
| 274|0x0000000791200000, 0x0000000791300000, 0x0000000791300000|100%| E|CS|TAMS 0x0000000791200000, 0x0000000791200000| Complete 
| 275|0x0000000791300000, 0x0000000791400000, 0x0000000791400000|100%| E|CS|TAMS 0x0000000791300000, 0x0000000791300000| Complete 
| 276|0x0000000791400000, 0x0000000791500000, 0x0000000791500000|100%| E|CS|TAMS 0x0000000791400000, 0x0000000791400000| Complete 
| 277|0x0000000791500000, 0x0000000791600000, 0x0000000791600000|100%| E|CS|TAMS 0x0000000791500000, 0x0000000791500000| Complete 
| 278|0x0000000791600000, 0x0000000791700000, 0x0000000791700000|100%| E|CS|TAMS 0x0000000791600000, 0x0000000791600000| Complete 

Card table byte_map: [0x00000001069b1000,0x0000000106db1000] _byte_map_base: 0x0000000102db1000

Marking Bits (Prev, Next): (CMBitMap*) 0x00007f969d83c650, (CMBitMap*) 0x00007f969d83c618
 Prev Bits: [0x00000001091b1000, 0x000000010b1b1000)
 Next Bits: [0x00000001071b1000, 0x00000001091b1000)

Polling page: 0x0000000100b59000

Metaspace:

Usage:
  Non-class:     17.65 MB capacity,    17.39 MB ( 99%) used,   225.88 KB (  1%) free+waste,    42.62 KB ( <1%) overhead. 
      Class:      1.98 MB capacity,     1.83 MB ( 92%) used,   134.80 KB (  7%) free+waste,    18.81 KB ( <1%) overhead. 
       Both:     19.63 MB capacity,    19.21 MB ( 98%) used,   360.69 KB (  2%) free+waste,    61.44 KB ( <1%) overhead. 

Virtual space:
  Non-class space:       18.00 MB reserved,      17.75 MB ( 99%) committed 
      Class space:        1.00 GB reserved,       2.00 MB ( <1%) committed 
             Both:        1.02 GB reserved,      19.75 MB (  2%) committed 

Chunk freelists:
   Non-Class:  105.00 KB
       Class:  21.00 KB
        Both:  126.00 KB

CodeHeap 'non-profiled nmethods': size=120032Kb used=1317Kb max_used=1317Kb free=118714Kb
 bounds [0x00000001183d3000, 0x0000000118643000, 0x000000011f90b000]
CodeHeap 'profiled nmethods': size=120032Kb used=5289Kb max_used=5289Kb free=114742Kb
 bounds [0x0000000110e9b000, 0x00000001113cb000, 0x00000001183d3000]
CodeHeap 'non-nmethods': size=5696Kb used=1262Kb max_used=1288Kb free=4434Kb
 bounds [0x000000011090b000, 0x0000000110b7b000, 0x0000000110e9b000]
 total_blobs=3798 nmethods=2394 adapters=575
 compilation: enabled
              stopped_count=0, restarted_count=0
 full_count=0

Compilation events (10 events):
Event: 8.267 Thread 0x00007f969e808000 nmethod 2392 0x00000001113c3890 code [0x00000001113c3a60, 0x00000001113c3eb0]
Event: 8.267 Thread 0x00007f969e808000 2393       3       org.lwjgl.Sys::getTime (13 bytes)
Event: 8.267 Thread 0x00007f969e808000 nmethod 2393 0x00000001113c4010 code [0x00000001113c41c0, 0x00000001113c4410]
Event: 8.270 Thread 0x00007f969f013000 nmethod 2390 0x0000000118519d90 code [0x0000000118519f60, 0x000000011851a468]
Event: 8.270 Thread 0x00007f969f013000 2391       4       org.newdawn.slick.opengl.TextureImpl::bind (39 bytes)
Event: 8.273 Thread 0x00007f969f013000 nmethod 2391 0x000000011851a810 code [0x000000011851a9e0, 0x000000011851ad78]
Event: 8.281 Thread 0x00007f969e808000 2394       3       jdk.internal.loader.BuiltinClassLoader::isSealed (70 bytes)
Event: 8.282 Thread 0x00007f969e808000 nmethod 2394 0x00000001113c4510 code [0x00000001113c47a0, 0x00000001113c52a8]
Event: 8.282 Thread 0x00007f969f013000 2395       4       org.newdawn.slick.particles.ConfigurableEmitter::updateParticle (452 bytes)
Event: 8.300 Thread 0x00007f969f013000 nmethod 2395 0x000000011851b090 code [0x000000011851b2a0, 0x000000011851be18]

GC Heap History (10 events):
Event: 5.996 GC heap before
{Heap before GC invocations=27 (full 0):
 garbage-first heap   total 285696K, used 186052K [0x0000000780000000, 0x0000000800000000)
  region size 1024K, 167 young (171008K), 1 survivors (1024K)
 Metaspace       used 19071K, capacity 19458K, committed 19712K, reserved 1067008K
  class space    used 1844K, capacity 1986K, committed 2048K, reserved 1048576K
}
Event: 5.996 GC heap after
{Heap after GC invocations=28 (full 0):
 garbage-first heap   total 285696K, used 16078K [0x0000000780000000, 0x0000000800000000)
  region size 1024K, 1 young (1024K), 1 survivors (1024K)
 Metaspace       used 19071K, capacity 19458K, committed 19712K, reserved 1067008K
  class space    used 1844K, capacity 1986K, committed 2048K, reserved 1048576K
}
Event: 6.080 GC heap before
{Heap before GC invocations=28 (full 0):
 garbage-first heap   total 285696K, used 186062K [0x0000000780000000, 0x0000000800000000)
  region size 1024K, 167 young (171008K), 1 survivors (1024K)
 Metaspace       used 19078K, capacity 19458K, committed 19712K, reserved 1067008K
  class space    used 1844K, capacity 1986K, committed 2048K, reserved 1048576K
}
Event: 6.081 GC heap after
{Heap after GC invocations=29 (full 0):
 garbage-first heap   total 285696K, used 16086K [0x0000000780000000, 0x0000000800000000)
  region size 1024K, 1 young (1024K), 1 survivors (1024K)
 Metaspace       used 19078K, capacity 19458K, committed 19712K, reserved 1067008K
  class space    used 1844K, capacity 1986K, committed 2048K, reserved 1048576K
}
Event: 6.151 GC heap before
{Heap before GC invocations=29 (full 0):
 garbage-first heap   total 285696K, used 186070K [0x0000000780000000, 0x0000000800000000)
  region size 1024K, 167 young (171008K), 1 survivors (1024K)
 Metaspace       used 19124K, capacity 19522K, committed 19712K, reserved 1067008K
  class space    used 1848K, capacity 1986K, committed 2048K, reserved 1048576K
}
Event: 6.152 GC heap after
{Heap after GC invocations=30 (full 0):
 garbage-first heap   total 285696K, used 16118K [0x0000000780000000, 0x0000000800000000)
  region size 1024K, 1 young (1024K), 1 survivors (1024K)
 Metaspace       used 19124K, capacity 19522K, committed 19712K, reserved 1067008K
  class space    used 1848K, capacity 1986K, committed 2048K, reserved 1048576K
}
Event: 6.207 GC heap before
{Heap before GC invocations=30 (full 0):
 garbage-first heap   total 285696K, used 186102K [0x0000000780000000, 0x0000000800000000)
  region size 1024K, 167 young (171008K), 1 survivors (1024K)
 Metaspace       used 19124K, capacity 19522K, committed 19712K, reserved 1067008K
  class space    used 1848K, capacity 1986K, committed 2048K, reserved 1048576K
}
Event: 6.208 GC heap after
{Heap after GC invocations=31 (full 0):
 garbage-first heap   total 285696K, used 16144K [0x0000000780000000, 0x0000000800000000)
  region size 1024K, 1 young (1024K), 1 survivors (1024K)
 Metaspace       used 19124K, capacity 19522K, committed 19712K, reserved 1067008K
  class space    used 1848K, capacity 1986K, committed 2048K, reserved 1048576K
}
Event: 6.282 GC heap before
{Heap before GC invocations=31 (full 0):
 garbage-first heap   total 285696K, used 186128K [0x0000000780000000, 0x0000000800000000)
  region size 1024K, 167 young (171008K), 1 survivors (1024K)
 Metaspace       used 19165K, capacity 19586K, committed 19968K, reserved 1067008K
  class space    used 1848K, capacity 1986K, committed 2048K, reserved 1048576K
}
Event: 6.286 GC heap after
{Heap after GC invocations=32 (full 0):
 garbage-first heap   total 285696K, used 19963K [0x0000000780000000, 0x0000000800000000)
  region size 1024K, 4 young (4096K), 4 survivors (4096K)
 Metaspace       used 19165K, capacity 19586K, committed 19968K, reserved 1067008K
  class space    used 1848K, capacity 1986K, committed 2048K, reserved 1048576K
}

Deoptimization events (10 events):
Event: 4.155 Thread 0x00007f969e701000 Uncommon trap: reason=class_check action=maybe_recompile pc=0x000000011849f630 method=jdk.internal.misc.Unsafe.allocateUninitializedArray(Ljava/lang/Class;I)Ljava/lang/Object; @ 48 c2
Event: 4.155 Thread 0x00007f969e701000 Uncommon trap: reason=class_check action=maybe_recompile pc=0x000000011849f630 method=jdk.internal.misc.Unsafe.allocateUninitializedArray(Ljava/lang/Class;I)Ljava/lang/Object; @ 48 c2
Event: 4.183 Thread 0x00007f969d803800 Uncommon trap: reason=class_check action=maybe_recompile pc=0x0000000118491e6c method=java.lang.invoke.LambdaForm$MH/0x0000000800178c40.invoke(Ljava/lang/Object;Ljava/lang/Object;)Ljava/lang/Object; @ 11 c2
Event: 4.250 Thread 0x00007f969d803800 Uncommon trap: reason=class_check action=maybe_recompile pc=0x0000000118491e6c method=java.lang.invoke.LambdaForm$MH/0x0000000800178c40.invoke(Ljava/lang/Object;Ljava/lang/Object;)Ljava/lang/Object; @ 11 c2
Event: 5.436 Thread 0x00007f969dd62800 Uncommon trap: reason=unstable_if action=reinterpret pc=0x00000001184a15f8 method=java.lang.Math.min(FF)F @ 37 c2
Event: 5.440 Thread 0x00007f969dd62800 Uncommon trap: reason=unstable_if action=reinterpret pc=0x00000001184a1998 method=java.lang.Math.max(FF)F @ 11 c2
Event: 6.189 Thread 0x00007f969e371800 Uncommon trap: reason=unstable_if action=reinterpret pc=0x00000001184b7f08 method=fr.rphstudio.codingdojo.game.Pod.update(I)V @ 4 c2
Event: 6.260 Thread 0x00007f969d803800 Uncommon trap: reason=unstable_if action=reinterpret pc=0x00000001184b3a38 method=java.lang.Math.max(FF)F @ 17 c2
Event: 6.349 Thread 0x00007f969d803800 Uncommon trap: reason=intrinsic_or_type_checked_inlining action=make_not_entrant pc=0x00000001184882ec method=java.util.Arrays.copyOf([Ljava/lang/Object;ILjava/lang/Class;)[Ljava/lang/Object; @ 35 c2
Event: 6.914 Thread 0x00007f969d803800 Uncommon trap: reason=unstable_if action=reinterpret pc=0x00000001184e0080 method=org.dyn4j.dynamics.Body.setAsleep(Z)V @ 1 c2

Classes redefined (0 events):
No events

Internal exceptions (10 events):
Event: 0.727 Thread 0x00007f969d803800 Exception <a 'java/lang/NoSuchMethodError'{0x00000007879cf3a0}: java.lang.invoke.Invokers$Holder.linkToTargetMethod(Ljava/lang/Object;ILjava/lang/Object;)Ljava/lang/Object;> (0x00000007879cf3a0) thrown at [/opt/buildAgent/work/5ff2f6c26000d570/src/hotspot
Event: 0.778 Thread 0x00007f969d803800 Exception <a 'java/lang/NoSuchMethodError'{0x00000007878902e0}: java.lang.invoke.DirectMethodHandle$Holder.invokeInterface(Ljava/lang/Object;Ljava/lang/Object;)V> (0x00000007878902e0) thrown at [/opt/buildAgent/work/5ff2f6c26000d570/src/hotspot/share/inte
Event: 1.060 Thread 0x00007f969d803800 Exception <a 'java/lang/ClassNotFoundException'{0x00000007874c6448}: sun/util/logging/resources/spi/loggingProvider> (0x00000007874c6448) thrown at [/opt/buildAgent/work/5ff2f6c26000d570/src/hotspot/share/classfile/systemDictionary.cpp, line 231]
Event: 1.485 Thread 0x00007f969d803800 Exception <a 'java/security/PrivilegedActionException'{0x0000000787b96f20}> (0x0000000787b96f20) thrown at [/opt/buildAgent/work/5ff2f6c26000d570/src/hotspot/share/prims/jvm.cpp, line 1300]
Event: 1.485 Thread 0x00007f969d803800 Exception <a 'java/security/PrivilegedActionException'{0x0000000787b996d0}> (0x0000000787b996d0) thrown at [/opt/buildAgent/work/5ff2f6c26000d570/src/hotspot/share/prims/jvm.cpp, line 1300]
Event: 1.485 Thread 0x00007f969d803800 Exception <a 'java/security/PrivilegedActionException'{0x0000000787b9a688}> (0x0000000787b9a688) thrown at [/opt/buildAgent/work/5ff2f6c26000d570/src/hotspot/share/prims/jvm.cpp, line 1300]
Event: 1.486 Thread 0x00007f969d803800 Exception <a 'java/security/PrivilegedActionException'{0x0000000787ba7a90}> (0x0000000787ba7a90) thrown at [/opt/buildAgent/work/5ff2f6c26000d570/src/hotspot/share/prims/jvm.cpp, line 1300]
Event: 1.486 Thread 0x00007f969d803800 Exception <a 'java/security/PrivilegedActionException'{0x0000000787ba8650}> (0x0000000787ba8650) thrown at [/opt/buildAgent/work/5ff2f6c26000d570/src/hotspot/share/prims/jvm.cpp, line 1300]
Event: 1.486 Thread 0x00007f969d803800 Exception <a 'java/security/PrivilegedActionException'{0x0000000787ba91d0}> (0x0000000787ba91d0) thrown at [/opt/buildAgent/work/5ff2f6c26000d570/src/hotspot/share/prims/jvm.cpp, line 1300]
Event: 3.888 Thread 0x00007f969d803800 Exception <a 'java/lang/NoSuchMethodError'{0x0000000787bfd9b8}: java.lang.invoke.DirectMethodHandle$Holder.invokeStatic(Ljava/lang/Object;Ljava/lang/Object;Ljava/lang/Object;Ljava/lang/Object;Ljava/lang/Object;Ljava/lang/Object;I)Ljava/lang/Object;> (0x00

Events (10 events):
Event: 7.649 Thread 0x00007f969d803800 DEOPT UNPACKING pc=0x00000001109337ba sp=0x0000000100b116d8 mode 0
Event: 7.813 Thread 0x00007f969e6e4000 Thread added: 0x00007f969e6e4000
Event: 8.064 Thread 0x00007f969e6e4000 Thread exited: 0x00007f969e6e4000
Event: 8.263 Thread 0x00007f969f228800 Thread added: 0x00007f969f228800
Event: 8.271 Executing VM operation: RevokeBias
Event: 8.271 Executing VM operation: RevokeBias done
Event: 8.281 loading class fr/rphstudio/ecs/component/control/KeyboardHandler
Event: 8.281 loading class fr/rphstudio/ecs/component/control/KeyboardHandler done
Event: 8.300 loading class org/lwjgl/opengl/CallbackUtil
Event: 8.300 loading class org/lwjgl/opengl/CallbackUtil done


Dynamic libraries:
0x00007fff52dee000 	/System/Library/Frameworks/Cocoa.framework/Versions/A/Cocoa
0x00007fff5f3c5000 	/System/Library/Frameworks/Security.framework/Versions/A/Security
0x00007fff51a32000 	/System/Library/Frameworks/ApplicationServices.framework/Versions/A/ApplicationServices
0x00007fff7b712000 	/usr/lib/libz.1.dylib
0x00007fff7964d000 	/usr/lib/libSystem.B.dylib
0x00007fff535a3000 	/System/Library/Frameworks/CoreFoundation.framework/Versions/A/CoreFoundation
0x00007fff556f7000 	/System/Library/Frameworks/Foundation.framework/Versions/C/Foundation
0x00007fff7acfc000 	/usr/lib/libobjc.A.dylib
0x00007fff50b82000 	/System/Library/Frameworks/AppKit.framework/Versions/C/AppKit
0x00007fff53166000 	/System/Library/Frameworks/CoreData.framework/Versions/A/CoreData
0x00007fff72fb1000 	/System/Library/PrivateFrameworks/RemoteViewServices.framework/Versions/A/RemoteViewServices
0x00007fff77702000 	/System/Library/PrivateFrameworks/UIFoundation.framework/Versions/A/UIFoundation
0x00007fff67e17000 	/System/Library/PrivateFrameworks/DFRFoundation.framework/Versions/A/DFRFoundation
0x00007fff57d3b000 	/System/Library/Frameworks/Metal.framework/Versions/A/Metal
0x00007fff67fb4000 	/System/Library/PrivateFrameworks/DesktopServicesPriv.framework/Versions/A/DesktopServicesPriv
0x00007fff7a252000 	/usr/lib/libenergytrace.dylib
0x00007fff75777000 	/System/Library/PrivateFrameworks/SkyLight.framework/Versions/A/SkyLight
0x00007fff53a46000 	/System/Library/Frameworks/CoreGraphics.framework/Versions/A/CoreGraphics
0x00007fff79648000 	/usr/lib/libScreenReader.dylib
0x00007fff4fb1d000 	/System/Library/Frameworks/Accelerate.framework/Versions/A/Accelerate
0x00007fff55e70000 	/System/Library/Frameworks/IOSurface.framework/Versions/A/IOSurface
0x00007fff51f7c000 	/System/Library/Frameworks/AudioToolbox.framework/Versions/A/AudioToolbox
0x00007fff5220b000 	/System/Library/Frameworks/AudioUnit.framework/Versions/A/AudioUnit
0x00007fff67eaf000 	/System/Library/PrivateFrameworks/DataDetectorsCore.framework/Versions/A/DataDetectorsCore
0x00007fff528e1000 	/System/Library/Frameworks/Carbon.framework/Versions/A/Frameworks/HIToolbox.framework/Versions/A/HIToolbox
0x00007fff7a3ac000 	/usr/lib/libicucore.A.dylib
0x00007fff5e946000 	/System/Library/Frameworks/QuartzCore.framework/Versions/A/QuartzCore
0x00007fff74a2e000 	/System/Library/PrivateFrameworks/SignpostNotification.framework/Versions/A/SignpostNotification
0x00007fff52cc7000 	/System/Library/Frameworks/Carbon.framework/Versions/A/Frameworks/SpeechRecognition.framework/Versions/A/SpeechRecognition
0x00007fff797a9000 	/usr/lib/libauto.dylib
0x00007fff7b601000 	/usr/lib/libxml2.2.dylib
0x00007fff67a6a000 	/System/Library/PrivateFrameworks/CoreUI.framework/Versions/A/CoreUI
0x00007fff53042000 	/System/Library/Frameworks/CoreAudio.framework/Versions/A/CoreAudio
0x00007fff55531000 	/System/Library/Frameworks/DiskArbitration.framework/Versions/A/DiskArbitration
0x00007fff7a620000 	/usr/lib/liblangid.dylib
0x00007fff6f4c1000 	/System/Library/PrivateFrameworks/MultitouchSupport.framework/Versions/A/MultitouchSupport
0x00007fff55dd3000 	/System/Library/Frameworks/IOKit.framework/Versions/A/IOKit
0x00007fff792d7000 	/usr/lib/libDiagnosticMessagesClient.dylib
0x00007fff5470f000 	/System/Library/Frameworks/CoreServices.framework/Versions/A/CoreServices
0x00007fff70fef000 	/System/Library/PrivateFrameworks/PerformanceAnalysis.framework/Versions/A/PerformanceAnalysis
0x00007fff5dae8000 	/System/Library/Frameworks/OpenGL.framework/Versions/A/OpenGL
0x00007fff52dfc000 	/System/Library/Frameworks/ColorSync.framework/Versions/A/ColorSync
0x00007fff54058000 	/System/Library/Frameworks/CoreImage.framework/Versions/A/CoreImage
0x00007fff5509f000 	/System/Library/Frameworks/CoreText.framework/Versions/A/CoreText
0x00007fff55ece000 	/System/Library/Frameworks/ImageIO.framework/Versions/A/ImageIO
0x00007fff641b2000 	/System/Library/PrivateFrameworks/Backup.framework/Versions/A/Backup
0x00007fff796f9000 	/usr/lib/libarchive.2.dylib
0x00007fff5252d000 	/System/Library/Frameworks/CFNetwork.framework/Versions/A/CFNetwork
0x00007fff5fb55000 	/System/Library/Frameworks/SystemConfiguration.framework/Versions/A/SystemConfiguration
0x00007fff79200000 	/usr/lib/libCRFSuite.dylib
0x00007fff79882000 	/usr/lib/libc++.1.dylib
0x00007fff798d9000 	/usr/lib/libc++abi.dylib
0x00007fff7b7c0000 	/usr/lib/system/libcache.dylib
0x00007fff7b7c5000 	/usr/lib/system/libcommonCrypto.dylib
0x00007fff7b7d0000 	/usr/lib/system/libcompiler_rt.dylib
0x00007fff7b7d8000 	/usr/lib/system/libcopyfile.dylib
0x00007fff7b7e2000 	/usr/lib/system/libcorecrypto.dylib
0x00007fff7b8ef000 	/usr/lib/system/libdispatch.dylib
0x00007fff7b929000 	/usr/lib/system/libdyld.dylib
0x00007fff7b947000 	/usr/lib/system/libkeymgr.dylib
0x00007fff7b955000 	/usr/lib/system/liblaunch.dylib
0x00007fff7b956000 	/usr/lib/system/libmacho.dylib
0x00007fff7b95b000 	/usr/lib/system/libquarantine.dylib
0x00007fff7b95e000 	/usr/lib/system/libremovefile.dylib
0x00007fff7b960000 	/usr/lib/system/libsystem_asl.dylib
0x00007fff7b978000 	/usr/lib/system/libsystem_blocks.dylib
0x00007fff7b979000 	/usr/lib/system/libsystem_c.dylib
0x00007fff7ba03000 	/usr/lib/system/libsystem_configuration.dylib
0x00007fff7ba07000 	/usr/lib/system/libsystem_coreservices.dylib
0x00007fff7ba0b000 	/usr/lib/system/libsystem_darwin.dylib
0x00007fff7ba0d000 	/usr/lib/system/libsystem_dnssd.dylib
0x00007fff7ba14000 	/usr/lib/system/libsystem_info.dylib
0x00007fff7ba85000 	/usr/lib/system/libsystem_m.dylib
0x00007fff7bad1000 	/usr/lib/system/libsystem_malloc.dylib
0x00007fff7baf1000 	/usr/lib/system/libsystem_network.dylib
0x00007fff7bc22000 	/usr/lib/system/libsystem_networkextension.dylib
0x00007fff7bc2d000 	/usr/lib/system/libsystem_notify.dylib
0x00007fff7bc4b000 	/usr/lib/system/libsystem_sandbox.dylib
0x00007fff7bc4f000 	/usr/lib/system/libsystem_secinit.dylib
0x00007fff7ba5e000 	/usr/lib/system/libsystem_kernel.dylib
0x00007fff7bc37000 	/usr/lib/system/libsystem_platform.dylib
0x00007fff7bc3f000 	/usr/lib/system/libsystem_pthread.dylib
0x00007fff7bc51000 	/usr/lib/system/libsystem_symptoms.dylib
0x00007fff7bc59000 	/usr/lib/system/libsystem_trace.dylib
0x00007fff7bc6e000 	/usr/lib/system/libunwind.dylib
0x00007fff7bc74000 	/usr/lib/system/libxpc.dylib
0x00007fff79113000 	/usr/lib/closure/libclosured.dylib
0x00007fff79863000 	/usr/lib/libbsm.0.dylib
0x00007fff7b948000 	/usr/lib/system/libkxld.dylib
0x00007fff79511000 	/usr/lib/libOpenScriptingUtil.dylib
0x00007fff79bd1000 	/usr/lib/libcoretls.dylib
0x00007fff79bea000 	/usr/lib/libcoretls_cfhelpers.dylib
0x00007fff7b0fd000 	/usr/lib/libpam.2.dylib
0x00007fff7b224000 	/usr/lib/libsqlite3.dylib
0x00007fff7b5f0000 	/usr/lib/libxar.1.dylib
0x00007fff79874000 	/usr/lib/libbz2.1.0.dylib
0x00007fff7a622000 	/usr/lib/liblzma.5.dylib
0x00007fff7ab03000 	/usr/lib/libnetwork.dylib
0x00007fff796e2000 	/usr/lib/libapple_nghttp2.dylib
0x00007fff7b104000 	/usr/lib/libpcap.A.dylib
0x00007fff797aa000 	/usr/lib/libboringssl.dylib
0x00007fff7b58b000 	/usr/lib/libusrtcp.dylib
0x00007fff796e1000 	/usr/lib/libapple_crypto.dylib
0x00007fff54a92000 	/System/Library/Frameworks/CoreServices.framework/Versions/A/Frameworks/FSEvents.framework/Versions/A/FSEvents
0x00007fff54785000 	/System/Library/Frameworks/CoreServices.framework/Versions/A/Frameworks/CarbonCore.framework/Versions/A/CarbonCore
0x00007fff54c59000 	/System/Library/Frameworks/CoreServices.framework/Versions/A/Frameworks/Metadata.framework/Versions/A/Metadata
0x00007fff54d0a000 	/System/Library/Frameworks/CoreServices.framework/Versions/A/Frameworks/OSServices.framework/Versions/A/OSServices
0x00007fff54d6b000 	/System/Library/Frameworks/CoreServices.framework/Versions/A/Frameworks/SearchKit.framework/Versions/A/SearchKit
0x00007fff54710000 	/System/Library/Frameworks/CoreServices.framework/Versions/A/Frameworks/AE.framework/Versions/A/AE
0x00007fff54a9b000 	/System/Library/Frameworks/CoreServices.framework/Versions/A/Frameworks/LaunchServices.framework/Versions/A/LaunchServices
0x00007fff54a5d000 	/System/Library/Frameworks/CoreServices.framework/Versions/A/Frameworks/DictionaryServices.framework/Versions/A/DictionaryServices
0x00007fff54dda000 	/System/Library/Frameworks/CoreServices.framework/Versions/A/Frameworks/SharedFileList.framework/Versions/A/SharedFileList
0x00007fff58f71000 	/System/Library/Frameworks/NetFS.framework/Versions/A/NetFS
0x00007fff6f752000 	/System/Library/PrivateFrameworks/NetAuth.framework/Versions/A/NetAuth
0x00007fff78faa000 	/System/Library/PrivateFrameworks/login.framework/Versions/A/Frameworks/loginsupport.framework/Versions/A/loginsupport
0x00007fff77383000 	/System/Library/PrivateFrameworks/TCC.framework/Versions/A/TCC
0x00007fff7a703000 	/usr/lib/libmecabra.dylib
0x00007fff51a33000 	/System/Library/Frameworks/ApplicationServices.framework/Versions/A/Frameworks/ATS.framework/Versions/A/ATS
0x00007fff51de1000 	/System/Library/Frameworks/ApplicationServices.framework/Versions/A/Frameworks/ColorSyncLegacy.framework/Versions/A/ColorSyncLegacy
0x00007fff51e85000 	/System/Library/Frameworks/ApplicationServices.framework/Versions/A/Frameworks/HIServices.framework/Versions/A/HIServices
0x00007fff51ed8000 	/System/Library/Frameworks/ApplicationServices.framework/Versions/A/Frameworks/LangAnalysis.framework/Versions/A/LangAnalysis
0x00007fff51ee7000 	/System/Library/Frameworks/ApplicationServices.framework/Versions/A/Frameworks/PrintCore.framework/Versions/A/PrintCore
0x00007fff51f34000 	/System/Library/Frameworks/ApplicationServices.framework/Versions/A/Frameworks/QD.framework/Versions/A/QD
0x00007fff51f6f000 	/System/Library/Frameworks/ApplicationServices.framework/Versions/A/Frameworks/SpeechSynthesis.framework/Versions/A/SpeechSynthesis
0x00007fff534bd000 	/System/Library/Frameworks/CoreDisplay.framework/Versions/A/CoreDisplay
0x00007fff4fb35000 	/System/Library/Frameworks/Accelerate.framework/Versions/A/Frameworks/vImage.framework/Versions/A/vImage
0x00007fff5088f000 	/System/Library/Frameworks/Accelerate.framework/Versions/A/Frameworks/vecLib.framework/Versions/A/vecLib
0x00007fff5062f000 	/System/Library/Frameworks/Accelerate.framework/Versions/A/Frameworks/vecLib.framework/Versions/A/libvDSP.dylib
0x00007fff5018f000 	/System/Library/Frameworks/Accelerate.framework/Versions/A/Frameworks/vecLib.framework/Versions/A/libBNNS.dylib
0x00007fff50594000 	/System/Library/Frameworks/Accelerate.framework/Versions/A/Frameworks/vecLib.framework/Versions/A/libQuadrature.dylib
0x00007fff507dd000 	/System/Library/Frameworks/Accelerate.framework/Versions/A/Frameworks/vecLib.framework/Versions/A/libvMisc.dylib
0x00007fff501be000 	/System/Library/Frameworks/Accelerate.framework/Versions/A/Frameworks/vecLib.framework/Versions/A/libLAPACK.dylib
0x00007fff50034000 	/System/Library/Frameworks/Accelerate.framework/Versions/A/Frameworks/vecLib.framework/Versions/A/libBLAS.dylib
0x00007fff5057e000 	/System/Library/Frameworks/Accelerate.framework/Versions/A/Frameworks/vecLib.framework/Versions/A/libLinearAlgebra.dylib
0x00007fff5059a000 	/System/Library/Frameworks/Accelerate.framework/Versions/A/Frameworks/vecLib.framework/Versions/A/libSparse.dylib
0x00007fff5061b000 	/System/Library/Frameworks/Accelerate.framework/Versions/A/Frameworks/vecLib.framework/Versions/A/libSparseBLAS.dylib
0x00007fff6c5f0000 	/System/Library/PrivateFrameworks/GPUWrangler.framework/Versions/A/GPUWrangler
0x00007fff6dd6d000 	/System/Library/PrivateFrameworks/IOAccelerator.framework/Versions/A/IOAccelerator
0x00007fff6dd78000 	/System/Library/PrivateFrameworks/IOPresentment.framework/Versions/A/IOPresentment
0x00007fff67e29000 	/System/Library/PrivateFrameworks/DSExternalDisplay.framework/Versions/A/DSExternalDisplay
0x00007fff5cf68000 	/System/Library/Frameworks/OpenGL.framework/Versions/A/Libraries/libCoreFSCache.dylib
0x00007fff551f0000 	/System/Library/Frameworks/CoreVideo.framework/Versions/A/CoreVideo
0x00007fff6d36b000 	/System/Library/PrivateFrameworks/GraphVisualizer.framework/Versions/A/GraphVisualizer
0x00007fff57f72000 	/System/Library/Frameworks/MetalPerformanceShaders.framework/Versions/A/MetalPerformanceShaders
0x00007fff7930f000 	/usr/lib/libFosl_dynamic.dylib
0x00007fff68efa000 	/System/Library/PrivateFrameworks/FaceCore.framework/Versions/A/FaceCore
0x00007fff5bd6f000 	/System/Library/Frameworks/OpenCL.framework/Versions/A/OpenCL
0x00007fff79910000 	/usr/lib/libcompression.dylib
0x00007fff51b32000 	/System/Library/Frameworks/ApplicationServices.framework/Versions/A/Frameworks/ATS.framework/Versions/A/Resources/libFontParser.dylib
0x00007fff51c55000 	/System/Library/Frameworks/ApplicationServices.framework/Versions/A/Frameworks/ATS.framework/Versions/A/Resources/libFontRegistry.dylib
0x00007fff56135000 	/System/Library/Frameworks/ImageIO.framework/Versions/A/Resources/libJPEG.dylib
0x00007fff5645e000 	/System/Library/Frameworks/ImageIO.framework/Versions/A/Resources/libTIFF.dylib
0x00007fff56434000 	/System/Library/Frameworks/ImageIO.framework/Versions/A/Resources/libPng.dylib
0x00007fff56048000 	/System/Library/Frameworks/ImageIO.framework/Versions/A/Resources/libGIF.dylib
0x00007fff5604d000 	/System/Library/Frameworks/ImageIO.framework/Versions/A/Resources/libJP2.dylib
0x00007fff5645b000 	/System/Library/Frameworks/ImageIO.framework/Versions/A/Resources/libRadiance.dylib
0x00007fff638df000 	/System/Library/PrivateFrameworks/AppleJPEG.framework/Versions/A/AppleJPEG
0x00007fff57dd9000 	/System/Library/Frameworks/MetalPerformanceShaders.framework/Frameworks/MPSCore.framework/Versions/A/MPSCore
0x00007fff57df5000 	/System/Library/Frameworks/MetalPerformanceShaders.framework/Frameworks/MPSImage.framework/Versions/A/MPSImage
0x00007fff57e8a000 	/System/Library/Frameworks/MetalPerformanceShaders.framework/Frameworks/MPSNeuralNetwork.framework/Versions/A/MPSNeuralNetwork
0x00007fff57e65000 	/System/Library/Frameworks/MetalPerformanceShaders.framework/Frameworks/MPSMatrix.framework/Versions/A/MPSMatrix
0x00007fff6f23b000 	/System/Library/PrivateFrameworks/MetalTools.framework/Versions/A/MetalTools
0x00007fff5d132000 	/System/Library/Frameworks/OpenGL.framework/Versions/A/Libraries/libGLU.dylib
0x00007fff5cf73000 	/System/Library/Frameworks/OpenGL.framework/Versions/A/Libraries/libGFXShared.dylib
0x00007fff5cf7d000 	/System/Library/Frameworks/OpenGL.framework/Versions/A/Libraries/libGL.dylib
0x00007fff5cf89000 	/System/Library/Frameworks/OpenGL.framework/Versions/A/Libraries/libGLImage.dylib
0x00007fff5cf65000 	/System/Library/Frameworks/OpenGL.framework/Versions/A/Libraries/libCVMSPluginSupport.dylib
0x00007fff5cf6e000 	/System/Library/Frameworks/OpenGL.framework/Versions/A/Libraries/libCoreVMClient.dylib
0x00007fff7a0bc000 	/usr/lib/libcups.2.dylib
0x00007fff57348000 	/System/Library/Frameworks/Kerberos.framework/Versions/A/Kerberos
0x00007fff55b2d000 	/System/Library/Frameworks/GSS.framework/Versions/A/GSS
0x00007fff7b1b7000 	/usr/lib/libresolv.9.dylib
0x00007fff7a2ba000 	/usr/lib/libiconv.2.dylib
0x00007fff6d3fd000 	/System/Library/PrivateFrameworks/Heimdal.framework/Versions/A/Heimdal
0x00007fff7a289000 	/usr/lib/libheimdal-asn1.dylib
0x00007fff5bddb000 	/System/Library/Frameworks/OpenDirectory.framework/Versions/A/OpenDirectory
0x00007fff65bef000 	/System/Library/PrivateFrameworks/CommonAuth.framework/Versions/A/CommonAuth
0x00007fff5bdbe000 	/System/Library/Frameworks/OpenDirectory.framework/Versions/A/Frameworks/CFOpenDirectory.framework/Versions/A/CFOpenDirectory
0x00007fff5f6ee000 	/System/Library/Frameworks/SecurityFoundation.framework/Versions/A/SecurityFoundation
0x00007fff62ab6000 	/System/Library/PrivateFrameworks/APFS.framework/Versions/A/APFS
0x00007fff7b5ec000 	/usr/lib/libutil.dylib
0x00007fff63962000 	/System/Library/PrivateFrameworks/AppleSauce.framework/Versions/A/AppleSauce
0x00007fff6e555000 	/System/Library/PrivateFrameworks/LinguisticData.framework/Versions/A/LinguisticData
0x00007fff7a63c000 	/usr/lib/libmarisa.dylib
0x00007fff6e50f000 	/System/Library/PrivateFrameworks/Lexicon.framework/Versions/A/Lexicon
0x00007fff7923a000 	/usr/lib/libChineseTokenizer.dylib
0x00007fff798ff000 	/usr/lib/libcmph.dylib
0x00007fff6e419000 	/System/Library/PrivateFrameworks/LanguageModeling.framework/Versions/A/LanguageModeling
0x00007fff666fb000 	/System/Library/PrivateFrameworks/CoreEmoji.framework/Versions/A/CoreEmoji
0x00007fff5f7ac000 	/System/Library/Frameworks/ServiceManagement.framework/Versions/A/ServiceManagement
0x00007fff641aa000 	/System/Library/PrivateFrameworks/BackgroundTaskManagement.framework/Versions/A/BackgroundTaskManagement
0x00007fff7b6e9000 	/usr/lib/libxslt.1.dylib
0x00007fff52bf1000 	/System/Library/Frameworks/Carbon.framework/Versions/A/Frameworks/Ink.framework/Versions/A/Ink
0x00007fff77598000 	/System/Library/PrivateFrameworks/TextureIO.framework/Versions/A/TextureIO
0x00007fff79724000 	/usr/lib/libate.dylib
0x00007fff67d89000 	/System/Library/PrivateFrameworks/CrashReporterSupport.framework/Versions/A/CrashReporterSupport
0x00007fff748f1000 	/System/Library/PrivateFrameworks/Sharing.framework/Versions/A/Sharing
0x00007fff6e15b000 	/System/Library/PrivateFrameworks/IconServices.framework/Versions/A/IconServices
0x00007fff63764000 	/System/Library/PrivateFrameworks/Apple80211.framework/Versions/A/Apple80211
0x00007fff67b9f000 	/System/Library/PrivateFrameworks/CoreUtils.framework/Versions/A/CoreUtils
0x00007fff5522b000 	/System/Library/Frameworks/CoreWLAN.framework/Versions/A/CoreWLAN
0x00007fff55c6f000 	/System/Library/Frameworks/IOBluetooth.framework/Versions/A/IOBluetooth
0x00007fff72dbd000 	/System/Library/PrivateFrameworks/ProtocolBuffer.framework/Versions/A/ProtocolBuffer
0x00007fff67d24000 	/System/Library/PrivateFrameworks/CoreWiFi.framework/Versions/A/CoreWiFi
0x00007fff5313c000 	/System/Library/Frameworks/CoreBluetooth.framework/Versions/A/CoreBluetooth
0x00007fff67f73000 	/System/Library/PrivateFrameworks/DebugSymbols.framework/Versions/A/DebugSymbols
0x00007fff67956000 	/System/Library/PrivateFrameworks/CoreSymbolication.framework/Versions/A/CoreSymbolication
0x00007fff76d8a000 	/System/Library/PrivateFrameworks/Symbolication.framework/Versions/A/Symbolication
0x00007fff6378e000 	/System/Library/PrivateFrameworks/AppleFSCompression.framework/Versions/A/AppleFSCompression
0x00007fff761d9000 	/System/Library/PrivateFrameworks/SpeechRecognitionCore.framework/Versions/A/SpeechRecognitionCore
0x0000000101400000 	/Applications/IntelliJ IDEA CE.app/Contents/jbr/Contents/Home/lib/server/libjvm.dylib
0x0000000100b15000 	/Applications/IntelliJ IDEA CE.app/Contents/jbr/Contents/Home/lib/libverify.dylib
0x0000000100b26000 	/Applications/IntelliJ IDEA CE.app/Contents/jbr/Contents/Home/lib/libjava.dylib
0x0000000100b5b000 	/Applications/IntelliJ IDEA CE.app/Contents/jbr/Contents/Home/lib/libinstrument.dylib
0x000000010214e000 	/Applications/IntelliJ IDEA CE.app/Contents/jbr/Contents/Home/lib/libzip.dylib
0x000000010215b000 	/Applications/IntelliJ IDEA CE.app/Contents/jbr/Contents/Home/lib/libjimage.dylib
0x000000010dfde000 	/Applications/IntelliJ IDEA CE.app/Contents/jbr/Contents/Home/lib/libnio.dylib
0x000000010dff1000 	/Applications/IntelliJ IDEA CE.app/Contents/jbr/Contents/Home/lib/./libnet.dylib
0x000000010e092000 	/Applications/IntelliJ IDEA CE.app/Contents/jbr/Contents/Home/lib/libextnet.dylib
0x000000010e09a000 	/Applications/IntelliJ IDEA CE.app/Contents/jbr/Contents/Home/lib/libawt.dylib
0x000000010e13a000 	/Applications/IntelliJ IDEA CE.app/Contents/jbr/Contents/Home/lib/./libmlib_image.dylib
0x00007fff57331000 	/System/Library/Frameworks/JavaVM.framework/Versions/A/Frameworks/JavaNativeFoundation.framework/Versions/A/JavaNativeFoundation
0x00007fff5733a000 	/System/Library/Frameworks/JavaVM.framework/Versions/A/Frameworks/JavaRuntimeSupport.framework/Versions/A/JavaRuntimeSupport
0x00007fff57343000 	/System/Library/Frameworks/JavaVM.framework/Versions/A/JavaVM
0x00007fff6e31b000 	/System/Library/PrivateFrameworks/JavaLaunching.framework/Versions/A/JavaLaunching
0x00007fff528dc000 	/System/Library/Frameworks/Carbon.framework/Versions/A/Carbon
0x00007fff528dd000 	/System/Library/Frameworks/Carbon.framework/Versions/A/Frameworks/CommonPanels.framework/Versions/A/CommonPanels
0x00007fff52be7000 	/System/Library/Frameworks/Carbon.framework/Versions/A/Frameworks/Help.framework/Versions/A/Help
0x00007fff52beb000 	/System/Library/Frameworks/Carbon.framework/Versions/A/Frameworks/ImageCapture.framework/Versions/A/ImageCapture
0x00007fff52c87000 	/System/Library/Frameworks/Carbon.framework/Versions/A/Frameworks/OpenScripting.framework/Versions/A/OpenScripting
0x00007fff52cc2000 	/System/Library/Frameworks/Carbon.framework/Versions/A/Frameworks/Print.framework/Versions/A/Print
0x00007fff52cc4000 	/System/Library/Frameworks/Carbon.framework/Versions/A/Frameworks/SecurityHI.framework/Versions/A/SecurityHI
0x000000010e1a6000 	/Applications/IntelliJ IDEA CE.app/Contents/jbr/Contents/Home/lib/libawt_lwawt.dylib
0x000000010e260000 	/Applications/IntelliJ IDEA CE.app/Contents/jbr/Contents/Home/lib/./libosxapp.dylib
0x00007fff556d0000 	/System/Library/Frameworks/ExceptionHandling.framework/Versions/A/ExceptionHandling
0x000000010e308000 	/Applications/IntelliJ IDEA CE.app/Contents/jbr/Contents/Home/lib/libfontmanager.dylib
0x000000010e3a0000 	/Applications/IntelliJ IDEA CE.app/Contents/jbr/Contents/Home/lib/./libfreetype.dylib
0x00007fff675e9000 	/System/Library/PrivateFrameworks/CoreServicesInternal.framework/Versions/A/CoreServicesInternal
0x00007fff4bb5c000 	/System/Library/CoreServices/RawCamera.bundle/Contents/MacOS/RawCamera
0x00007fff6f2ad000 	/System/Library/PrivateFrameworks/MobileAsset.framework/Versions/A/MobileAsset
0x00007fff76691000 	/System/Library/PrivateFrameworks/StreamingZip.framework/Versions/A/StreamingZip
0x00007fff576d2000 	/System/Library/Frameworks/MediaToolbox.framework/Versions/A/MediaToolbox
0x00007fff6633d000 	/System/Library/PrivateFrameworks/CoreAVCHD.framework/Versions/A/CoreAVCHD
0x00007fff5761f000 	/System/Library/Frameworks/MediaAccessibility.framework/Versions/A/MediaAccessibility
0x00007fff6ed5b000 	/System/Library/PrivateFrameworks/Mangrove.framework/Versions/A/Mangrove
0x00007fff545d6000 	/System/Library/Frameworks/CoreMedia.framework/Versions/A/CoreMedia
0x00007fff5fd7a000 	/System/Library/Frameworks/VideoToolbox.framework/Versions/A/VideoToolbox
0x00007fff65f34000 	/System/Library/PrivateFrameworks/CoreAUC.framework/Versions/A/CoreAUC
0x00007fff7b222000 	/usr/lib/libspindump.dylib
0x00007fff63a57000 	/System/Library/PrivateFrameworks/AppleVA.framework/Versions/A/AppleVA
0x00007fff4fb1e000 	/System/Library/Frameworks/Accelerate.framework/Versions/A/Frameworks/vImage.framework/Versions/A/Libraries/libCGInterfaces.dylib
0x00007fff51d44000 	/System/Library/Frameworks/ApplicationServices.framework/Versions/A/Frameworks/ATS.framework/Versions/A/Resources/libTrueTypeScaler.dylib
0x00007fff4d53f000 	/System/Library/Extensions/AppleIntelKBLGraphicsMTLDriver.bundle/Contents/MacOS/AppleIntelKBLGraphicsMTLDriver
0x00007fff6af84000 	/System/Library/PrivateFrameworks/GPUCompiler.framework/Versions/3802/Libraries/libmetal_timestamp.dylib
0x0000000121279000 	/Users/anthonybac/Downloads/Romuald78-cd2k19_studentplugin-afa3a991f2c2/resources/lib/liblwjgl.jnilib
0x000000010ff7e000 	/Applications/IntelliJ IDEA CE.app/Contents/jbr/Contents/Home/lib/libjawt.dylib
0x000000010ff85000 	/Applications/IntelliJ IDEA CE.app/Contents/jbr/Contents/Home/lib/libosx.dylib
0x00007fff5daf8000 	/System/Library/Frameworks/OpenGL.framework/Versions/A/Resources/GLEngine.bundle/GLEngine
0x00007fff5cfc5000 	/System/Library/Frameworks/OpenGL.framework/Versions/A/Libraries/libGLProgrammability.dylib
0x0000000121d0f000 	/System/Library/Extensions/AppleIntelKBLGraphicsGLDriver.bundle/Contents/MacOS/AppleIntelKBLGraphicsGLDriver
0x00007fff6c5e4000 	/System/Library/PrivateFrameworks/GPUSupport.framework/Versions/A/Libraries/libGPUSupportMercury.dylib
0x00007fff5dc90000 	/System/Library/Frameworks/OpenGL.framework/Versions/A/Resources/GLRendererFloat.bundle/GLRendererFloat
0x00007fff5bd66000 	/System/Library/Frameworks/OpenCL.framework/Versions/A/Libraries/libcldcpuengine.dylib
0x00007fff79d84000 	/usr/lib/libcrypto.35.dylib
0x00007fff776fb000 	/System/Library/PrivateFrameworks/TrustEvaluationAgent.framework/Versions/A/TrustEvaluationAgent
0x00007fff78586000 	/System/Library/PrivateFrameworks/ViewBridge.framework/Versions/A/ViewBridge
0x0000000120da7000 	/Users/anthonybac/Downloads/Romuald78-cd2k19_studentplugin-afa3a991f2c2/resources/lib/libjinput-osx.jnilib
0x0000000120dac000 	/System/Library/Extensions/IOHIDFamily.kext/Contents/PlugIns/IOHIDLib.plugin/Contents/MacOS/IOHIDLib
0x0000000120df9000 	/Users/anthonybac/Downloads/Romuald78-cd2k19_studentplugin-afa3a991f2c2/resources/lib/openal.dylib
0x000000012488c000 	/System/Library/Components/CoreAudio.component/Contents/MacOS/CoreAudio
0x0000000120e80000 	/System/Library/Extensions/AppleHDA.kext/Contents/PlugIns/AppleHDAHALPlugIn.bundle/Contents/MacOS/AppleHDAHALPlugIn
0x00007fff78fad000 	/System/Library/PrivateFrameworks/login.framework/Versions/A/login


VM Arguments:
jvm_args: -Djava.library.path=lib -javaagent:/Applications/IntelliJ IDEA CE.app/Contents/lib/idea_rt.jar=50505:/Applications/IntelliJ IDEA CE.app/Contents/bin -Dfile.encoding=UTF-8 
java_command: fr.rphstudio.codingdojo.launcher.MainLauncher
java_class_path (initial): ./codingdojo-1.10.105.jar:students/Student24-1.10.jar:students/Student89-1.10.jar:students/Student10-1.10.jar:students/Student1-1.10.jar:students/Student95-1.10.jar:students/Student42-1.10.jar:students/Student77-1.10.jar:students/Student54-1.10.jar:students/Student16-1.10.jar:students/Student78-1.10.jar:students/Student9-1.10.jar:students/Student8-1.10.jar:students/Student27-1.10.jar:students/Student87-1.10.jar:students/Student4-1.10.jar
Launcher Type: SUN_STANDARD

[Global flags]
     intx CICompilerCount                          = 3                                         {product} {ergonomic}
     uint ConcGCThreads                            = 1                                         {product} {ergonomic}
     uint G1ConcRefinementThreads                  = 4                                         {product} {ergonomic}
   size_t G1HeapRegionSize                         = 1048576                                   {product} {ergonomic}
    uintx GCDrainStackTargetSize                   = 64                                        {product} {ergonomic}
   size_t InitialHeapSize                          = 134217728                                 {product} {ergonomic}
   size_t MarkStackSize                            = 4194304                                   {product} {ergonomic}
   size_t MaxHeapSize                              = 2147483648                                {product} {ergonomic}
   size_t MaxNewSize                               = 1287651328                                {product} {ergonomic}
   size_t MinHeapDeltaBytes                        = 1048576                                   {product} {ergonomic}
    uintx NonNMethodCodeHeapSize                   = 5830092                                {pd product} {ergonomic}
    uintx NonProfiledCodeHeapSize                  = 122914074                              {pd product} {ergonomic}
    uintx ProfiledCodeHeapSize                     = 122914074                              {pd product} {ergonomic}
    uintx ReservedCodeCacheSize                    = 251658240                              {pd product} {ergonomic}
     bool SegmentedCodeCache                       = true                                      {product} {ergonomic}
     bool UseCompressedClassPointers               = true                                 {lp64_product} {ergonomic}
     bool UseCompressedOops                        = true                                 {lp64_product} {ergonomic}
     bool UseG1GC                                  = true                                      {product} {ergonomic}

Logging:
Log output configuration:
 #0: stdout all=warning uptime,level,tags
 #1: stderr all=off uptime,level,tags

Environment Variables:
PATH=/usr/local/bin:/usr/bin:/bin:/usr/sbin:/sbin
SHELL=/bin/bash

Signal Handlers:
SIGSEGV: [libjvm.dylib+0x73d280], sa_mask[0]=11111111011111110111111111111111, sa_flags=SA_ONSTACK|SA_RESTART|SA_SIGINFO
SIGBUS: [libjvm.dylib+0x73d280], sa_mask[0]=11111111011111110111111111111111, sa_flags=SA_RESTART|SA_SIGINFO
SIGFPE: [libjvm.dylib+0x73d280], sa_mask[0]=11111111011111110111111111111111, sa_flags=SA_RESTART|SA_SIGINFO
SIGPIPE: [libjvm.dylib+0x5efe5c], sa_mask[0]=11111111011111110111111111111111, sa_flags=SA_RESTART|SA_SIGINFO
SIGXFSZ: [libjvm.dylib+0x5efe5c], sa_mask[0]=11111111011111110111111111111111, sa_flags=SA_RESTART|SA_SIGINFO
SIGILL: [libjvm.dylib+0x73d280], sa_mask[0]=11111111011111110111111111111111, sa_flags=SA_RESTART|SA_SIGINFO
SIGUSR2: [libjvm.dylib+0x5f0441], sa_mask[0]=00100000000000000000000000000000, sa_flags=SA_RESTART|SA_SIGINFO
SIGHUP: [libjvm.dylib+0x5eee9d], sa_mask[0]=11111111011111110111111111111111, sa_flags=SA_RESTART|SA_SIGINFO
SIGINT: [libjvm.dylib+0x5eee9d], sa_mask[0]=11111111011111110111111111111111, sa_flags=SA_RESTART|SA_SIGINFO
SIGTERM: [libjvm.dylib+0x5eee9d], sa_mask[0]=11111111011111110111111111111111, sa_flags=SA_RESTART|SA_SIGINFO
SIGQUIT: [libjvm.dylib+0x5eee9d], sa_mask[0]=11111111011111110111111111111111, sa_flags=SA_RESTART|SA_SIGINFO


---------------  S Y S T E M  ---------------

OS:uname:Darwin 17.5.0 Darwin Kernel Version 17.5.0: Mon Mar  5 22:24:32 PST 2018; root:xnu-4570.51.1~1/RELEASE_X86_64 x86_64
rlimit: STACK 8192k, CORE 0k, NPROC 709, NOFILE 10240, AS infinity, DATA infinity, FSIZE infinity
load average:2.21 2.37 2.19

CPU:total 4 (initial active 4) (2 cores per cpu, 2 threads per core) family 6 model 142 stepping 9, cmov, cx8, fxsr, mmx, sse, sse2, sse3, ssse3, sse4.1, sse4.2, popcnt, avx, avx2, aes, clmul, erms, rtm, 3dnowpref, lzcnt, ht, tsc, tscinvbit, bmi1, bmi2, adx, fma

Memory: 4k page, physical 8388608k(743956k free)

vm_info: OpenJDK 64-Bit Server VM (11.0.3+12-b304.56) for bsd-amd64 JRE (11.0.3+12-b304.56), built on Sep  3 2019 01:08:51 by "builduser" with gcc 4.2.1 Compatible Apple LLVM 9.1.0 (clang-902.0.39.2)

END.
